{"/home/travis/build/npmtest/node-npmtest-elastical/test.js":{"path":"/home/travis/build/npmtest/node-npmtest-elastical/test.js","s":{"1":2,"2":2,"3":2,"4":2,"5":2,"6":2,"7":2,"8":1,"9":2,"10":2,"11":1,"12":1,"13":1,"14":1,"15":2,"16":2,"17":2,"18":2,"19":1,"20":1,"21":2,"22":2,"23":2,"24":1,"25":1,"26":1,"27":1,"28":1,"29":1,"30":1,"31":1,"32":1,"33":1,"34":1,"35":1,"36":1,"37":1,"38":1,"39":2,"40":2,"41":1,"42":2,"43":2,"44":1,"45":2,"46":2,"47":1,"48":2,"49":2,"50":1,"51":1,"52":1,"53":1,"54":1},"b":{"1":[2,1,1,1],"2":[1,1,1,1],"3":[1,1],"4":[1,1],"5":[1,1],"6":[1,1],"7":[1,1],"8":[1,1],"9":[1,1],"10":[1,1,1],"11":[1,1],"12":[1,1],"13":[1,1],"14":[1,1],"15":[1,1],"16":[1,1],"17":[1,1]},"f":{"1":2,"2":2,"3":2,"4":2,"5":2,"6":1,"7":1,"8":1,"9":2,"10":2,"11":2,"12":2,"13":1},"fnMap":{"1":{"name":"(anonymous_1)","line":12,"loc":{"start":{"line":12,"column":1},"end":{"line":12,"column":13}}},"2":{"name":"(anonymous_2)","line":19,"loc":{"start":{"line":19,"column":5},"end":{"line":19,"column":17}}},"3":{"name":"(anonymous_3)","line":23,"loc":{"start":{"line":23,"column":24},"end":{"line":23,"column":36}}},"4":{"name":"(anonymous_4)","line":61,"loc":{"start":{"line":61,"column":5},"end":{"line":61,"column":17}}},"5":{"name":"(anonymous_5)","line":82,"loc":{"start":{"line":82,"column":5},"end":{"line":82,"column":17}}},"6":{"name":"(anonymous_6)","line":91,"loc":{"start":{"line":91,"column":77},"end":{"line":94,"column":10}}},"7":{"name":"(anonymous_7)","line":112,"loc":{"start":{"line":112,"column":83},"end":{"line":115,"column":10}},"skip":true},"8":{"name":"(anonymous_8)","line":123,"loc":{"start":{"line":123,"column":77},"end":{"line":126,"column":10}},"skip":true},"9":{"name":"(anonymous_9)","line":139,"loc":{"start":{"line":139,"column":12},"end":{"line":139,"column":40}},"skip":true},"10":{"name":"(anonymous_10)","line":147,"loc":{"start":{"line":147,"column":77},"end":{"line":150,"column":10}},"skip":true},"11":{"name":"(anonymous_11)","line":158,"loc":{"start":{"line":158,"column":83},"end":{"line":161,"column":10}},"skip":true},"12":{"name":"(anonymous_12)","line":169,"loc":{"start":{"line":169,"column":79},"end":{"line":172,"column":10}},"skip":true},"13":{"name":"(anonymous_13)","line":180,"loc":{"start":{"line":180,"column":75},"end":{"line":183,"column":10}},"skip":true}},"statementMap":{"1":{"start":{"line":12,"column":0},"end":{"line":195,"column":5}},"2":{"start":{"line":14,"column":4},"end":{"line":14,"column":14}},"3":{"start":{"line":19,"column":4},"end":{"line":56,"column":9}},"4":{"start":{"line":21,"column":8},"end":{"line":21,"column":19}},"5":{"start":{"line":23,"column":8},"end":{"line":35,"column":13}},"6":{"start":{"line":24,"column":12},"end":{"line":34,"column":13}},"7":{"start":{"line":25,"column":16},"end":{"line":28,"column":30}},"8":{"start":{"line":30,"column":16},"end":{"line":33,"column":27}},"9":{"start":{"line":37,"column":8},"end":{"line":39,"column":21}},"10":{"start":{"line":40,"column":8},"end":{"line":53,"column":9}},"11":{"start":{"line":43,"column":12},"end":{"line":46,"column":14}},"12":{"start":{"line":47,"column":12},"end":{"line":47,"column":18}},"13":{"start":{"line":50,"column":12},"end":{"line":51,"column":46}},"14":{"start":{"line":52,"column":12},"end":{"line":52,"column":18}},"15":{"start":{"line":55,"column":8},"end":{"line":55,"column":35}},"16":{"start":{"line":61,"column":4},"end":{"line":63,"column":9}},"17":{"start":{"line":62,"column":8},"end":{"line":62,"column":15}},"18":{"start":{"line":64,"column":4},"end":{"line":77,"column":5}},"19":{"start":{"line":70,"column":8},"end":{"line":70,"column":14}},"20":{"start":{"line":76,"column":8},"end":{"line":76,"column":14}},"21":{"start":{"line":82,"column":4},"end":{"line":84,"column":9}},"22":{"start":{"line":83,"column":8},"end":{"line":83,"column":15}},"23":{"start":{"line":85,"column":4},"end":{"line":194,"column":5}},"24":{"start":{"line":91,"column":8},"end":{"line":99,"column":10}},"25":{"start":{"line":98,"column":12},"end":{"line":98,"column":35}},"26":{"start":{"line":102,"column":8},"end":{"line":104,"column":63}},"27":{"start":{"line":105,"column":8},"end":{"line":105,"column":14}},"28":{"start":{"line":112,"column":8},"end":{"line":121,"column":10},"skip":true},"29":{"start":{"line":119,"column":12},"end":{"line":119,"column":55},"skip":true},"30":{"start":{"line":120,"column":12},"end":{"line":120,"column":48},"skip":true},"31":{"start":{"line":123,"column":8},"end":{"line":136,"column":10},"skip":true},"32":{"start":{"line":130,"column":12},"end":{"line":130,"column":76},"skip":true},"33":{"start":{"line":131,"column":12},"end":{"line":131,"column":73},"skip":true},"34":{"start":{"line":132,"column":12},"end":{"line":132,"column":74},"skip":true},"35":{"start":{"line":133,"column":12},"end":{"line":133,"column":79},"skip":true},"36":{"start":{"line":134,"column":12},"end":{"line":134,"column":25},"skip":true},"37":{"start":{"line":135,"column":12},"end":{"line":135,"column":45},"skip":true},"38":{"start":{"line":138,"column":8},"end":{"line":145,"column":14},"skip":true},"39":{"start":{"line":143,"column":16},"end":{"line":143,"column":29},"skip":true},"40":{"start":{"line":144,"column":16},"end":{"line":144,"column":55},"skip":true},"41":{"start":{"line":147,"column":8},"end":{"line":156,"column":10},"skip":true},"42":{"start":{"line":154,"column":12},"end":{"line":154,"column":25},"skip":true},"43":{"start":{"line":155,"column":12},"end":{"line":155,"column":45},"skip":true},"44":{"start":{"line":158,"column":8},"end":{"line":167,"column":10},"skip":true},"45":{"start":{"line":165,"column":12},"end":{"line":165,"column":25},"skip":true},"46":{"start":{"line":166,"column":12},"end":{"line":166,"column":48},"skip":true},"47":{"start":{"line":169,"column":8},"end":{"line":178,"column":10},"skip":true},"48":{"start":{"line":176,"column":12},"end":{"line":176,"column":25},"skip":true},"49":{"start":{"line":177,"column":12},"end":{"line":177,"column":46},"skip":true},"50":{"start":{"line":180,"column":8},"end":{"line":189,"column":10},"skip":true},"51":{"start":{"line":187,"column":12},"end":{"line":187,"column":94},"skip":true},"52":{"start":{"line":188,"column":12},"end":{"line":188,"column":48},"skip":true},"53":{"start":{"line":192,"column":8},"end":{"line":192,"column":35},"skip":true},"54":{"start":{"line":193,"column":8},"end":{"line":193,"column":14},"skip":true}},"branchMap":{"1":{"line":25,"type":"binary-expr","locations":[{"start":{"line":25,"column":23},"end":{"line":25,"column":62}},{"start":{"line":26,"column":20},"end":{"line":26,"column":70}},{"start":{"line":27,"column":20},"end":{"line":27,"column":71}},{"start":{"line":28,"column":20},"end":{"line":28,"column":29}}]},"2":{"line":30,"type":"binary-expr","locations":[{"start":{"line":30,"column":23},"end":{"line":30,"column":37}},{"start":{"line":31,"column":20},"end":{"line":31,"column":61}},{"start":{"line":32,"column":20},"end":{"line":32,"column":70}},{"start":{"line":33,"column":20},"end":{"line":33,"column":26}}]},"3":{"line":37,"type":"cond-expr","locations":[{"start":{"line":38,"column":14},"end":{"line":38,"column":20}},{"start":{"line":39,"column":14},"end":{"line":39,"column":20}}]},"4":{"line":40,"type":"switch","locations":[{"start":{"line":42,"column":8},"end":{"line":47,"column":18}},{"start":{"line":49,"column":8},"end":{"line":52,"column":18}}]},"5":{"line":44,"type":"binary-expr","locations":[{"start":{"line":44,"column":16},"end":{"line":44,"column":44}},{"start":{"line":44,"column":48},"end":{"line":44,"column":66}}]},"6":{"line":50,"type":"binary-expr","locations":[{"start":{"line":50,"column":21},"end":{"line":50,"column":49}},{"start":{"line":50,"column":53},"end":{"line":50,"column":72}}]},"7":{"line":64,"type":"switch","locations":[{"start":{"line":69,"column":4},"end":{"line":70,"column":14}},{"start":{"line":75,"column":4},"end":{"line":76,"column":14}}]},"8":{"line":85,"type":"switch","locations":[{"start":{"line":90,"column":4},"end":{"line":105,"column":14}},{"start":{"line":111,"column":4},"end":{"line":193,"column":14},"skip":true}]},"9":{"line":91,"type":"binary-expr","locations":[{"start":{"line":91,"column":42},"end":{"line":91,"column":73}},{"start":{"line":91,"column":77},"end":{"line":99,"column":9}}]},"10":{"line":102,"type":"binary-expr","locations":[{"start":{"line":102,"column":18},"end":{"line":102,"column":32}},{"start":{"line":103,"column":12},"end":{"line":103,"column":53}},{"start":{"line":104,"column":12},"end":{"line":104,"column":61}}]},"11":{"line":112,"type":"binary-expr","locations":[{"start":{"line":112,"column":45},"end":{"line":112,"column":79},"skip":true},{"start":{"line":112,"column":83},"end":{"line":121,"column":9},"skip":true}]},"12":{"line":123,"type":"binary-expr","locations":[{"start":{"line":123,"column":42},"end":{"line":123,"column":73},"skip":true},{"start":{"line":123,"column":77},"end":{"line":136,"column":9},"skip":true}]},"13":{"line":138,"type":"binary-expr","locations":[{"start":{"line":138,"column":48},"end":{"line":138,"column":85},"skip":true},{"start":{"line":139,"column":12},"end":{"line":145,"column":13},"skip":true}]},"14":{"line":147,"type":"binary-expr","locations":[{"start":{"line":147,"column":42},"end":{"line":147,"column":73},"skip":true},{"start":{"line":147,"column":77},"end":{"line":156,"column":9},"skip":true}]},"15":{"line":158,"type":"binary-expr","locations":[{"start":{"line":158,"column":45},"end":{"line":158,"column":79},"skip":true},{"start":{"line":158,"column":83},"end":{"line":167,"column":9},"skip":true}]},"16":{"line":169,"type":"binary-expr","locations":[{"start":{"line":169,"column":43},"end":{"line":169,"column":75},"skip":true},{"start":{"line":169,"column":79},"end":{"line":178,"column":9},"skip":true}]},"17":{"line":180,"type":"binary-expr","locations":[{"start":{"line":180,"column":41},"end":{"line":180,"column":71},"skip":true},{"start":{"line":180,"column":75},"end":{"line":189,"column":9},"skip":true}]}},"code":["/* istanbul instrument in package npmtest_elastical */","/*jslint","    bitwise: true,","    browser: true,","    maxerr: 8,","    maxlen: 96,","    node: true,","    nomen: true,","    regexp: true,","    stupid: true","*/","(function () {","    'use strict';","    var local;","","","","    // run shared js-env code - pre-init","    (function () {","        // init local","        local = {};","        // init modeJs","        local.modeJs = (function () {","            try {","                return typeof navigator.userAgent === 'string' &&","                    typeof document.querySelector('body') === 'object' &&","                    typeof XMLHttpRequest.prototype.open === 'function' &&","                    'browser';","            } catch (errorCaughtBrowser) {","                return module.exports &&","                    typeof process.versions.node === 'string' &&","                    typeof require('http').createServer === 'function' &&","                    'node';","            }","        }());","        // init global","        local.global = local.modeJs === 'browser'","            ? window","            : global;","        switch (local.modeJs) {","        // re-init local from window.local","        case 'browser':","            local = local.global.utility2.objectSetDefault(","                local.global.utility2_rollup || local.global.local,","                local.global.utility2","            );","            break;","        // re-init local from example.js","        case 'node':","            local = (local.global.utility2_rollup || require('utility2'))","                .requireExampleJsFromReadme();","            break;","        }","        // export local","        local.global.local = local;","    }());","","","","    // run shared js-env code - function","    (function () {","        return;","    }());","    switch (local.modeJs) {","","","","    // run browser js-env code - function","    case 'browser':","        break;","","","","    // run node js-env code - function","    case 'node':","        break;","    }","","","","    // run shared js-env code - post-init","    (function () {","        return;","    }());","    switch (local.modeJs) {","","","","    // run browser js-env code - post-init","    case 'browser':","        local.testCase_browser_nullCase = local.testCase_browser_nullCase || function (","            options,","            onError","        ) {","        /*","         * this function will test browsers's null-case handling-behavior-behavior","         */","            onError(null, options);","        };","","        // run tests","        local.nop(local.modeTest &&","            document.querySelector('#testRunButton1') &&","            document.querySelector('#testRunButton1').click());","        break;","","","","    // run node js-env code - post-init","    /* istanbul ignore next */","    case 'node':","        local.testCase_buildApidoc_default = local.testCase_buildApidoc_default || function (","            options,","            onError","        ) {","        /*","         * this function will test buildApidoc's default handling-behavior-behavior","         */","            options = { modulePathList: module.paths };","            local.buildApidoc(options, onError);","        };","","        local.testCase_buildApp_default = local.testCase_buildApp_default || function (","            options,","            onError","        ) {","        /*","         * this function will test buildApp's default handling-behavior-behavior","         */","            local.testCase_buildReadme_default(options, local.onErrorThrow);","            local.testCase_buildLib_default(options, local.onErrorThrow);","            local.testCase_buildTest_default(options, local.onErrorThrow);","            local.testCase_buildCustomOrg_default(options, local.onErrorThrow);","            options = [];","            local.buildApp(options, onError);","        };","","        local.testCase_buildCustomOrg_default = local.testCase_buildCustomOrg_default ||","            function (options, onError) {","            /*","             * this function will test buildCustomOrg's default handling-behavior","             */","                options = {};","                local.buildCustomOrg(options, onError);","            };","","        local.testCase_buildLib_default = local.testCase_buildLib_default || function (","            options,","            onError","        ) {","        /*","         * this function will test buildLib's default handling-behavior","         */","            options = {};","            local.buildLib(options, onError);","        };","","        local.testCase_buildReadme_default = local.testCase_buildReadme_default || function (","            options,","            onError","        ) {","        /*","         * this function will test buildReadme's default handling-behavior-behavior","         */","            options = {};","            local.buildReadme(options, onError);","        };","","        local.testCase_buildTest_default = local.testCase_buildTest_default || function (","            options,","            onError","        ) {","        /*","         * this function will test buildTest's default handling-behavior","         */","            options = {};","            local.buildTest(options, onError);","        };","","        local.testCase_webpage_default = local.testCase_webpage_default || function (","            options,","            onError","        ) {","        /*","         * this function will test webpage's default handling-behavior","         */","            options = { modeCoverageMerge: true, url: local.serverLocalHost + '?modeTest=1' };","            local.browserTest(options, onError);","        };","","        // run test-server","        local.testRunServer(local);","        break;","    }","}());",""],"l":{"12":2,"14":2,"19":2,"21":2,"23":2,"24":2,"25":2,"30":1,"37":2,"40":2,"43":1,"47":1,"50":1,"52":1,"55":2,"61":2,"62":2,"64":2,"70":1,"76":1,"82":2,"83":2,"85":2,"91":1,"98":1,"102":1,"105":1,"112":1,"119":1,"120":1,"123":1,"130":1,"131":1,"132":1,"133":1,"134":1,"135":1,"138":1,"143":2,"144":2,"147":1,"154":2,"155":2,"158":1,"165":2,"166":2,"169":1,"176":2,"177":2,"180":1,"187":1,"188":1,"192":1,"193":1}},"/home/travis/build/npmtest/node-npmtest-elastical/lib.npmtest_elastical.js":{"path":"/home/travis/build/npmtest/node-npmtest-elastical/lib.npmtest_elastical.js","s":{"1":2,"2":2,"3":2,"4":2,"5":2,"6":2,"7":2,"8":1,"9":2,"10":2,"11":2,"12":2,"13":1,"14":1,"15":1,"16":1},"b":{"1":[2,1,1,1],"2":[1,1,1,1],"3":[1,1],"4":[2,2],"5":[1,1]},"f":{"1":2,"2":2,"3":2},"fnMap":{"1":{"name":"(anonymous_1)","line":12,"loc":{"start":{"line":12,"column":1},"end":{"line":12,"column":13}}},"2":{"name":"(anonymous_2)","line":19,"loc":{"start":{"line":19,"column":5},"end":{"line":19,"column":17}}},"3":{"name":"(anonymous_3)","line":23,"loc":{"start":{"line":23,"column":24},"end":{"line":23,"column":36}}}},"statementMap":{"1":{"start":{"line":12,"column":0},"end":{"line":53,"column":5}},"2":{"start":{"line":14,"column":4},"end":{"line":14,"column":14}},"3":{"start":{"line":19,"column":4},"end":{"line":52,"column":9}},"4":{"start":{"line":21,"column":8},"end":{"line":21,"column":19}},"5":{"start":{"line":23,"column":8},"end":{"line":35,"column":13}},"6":{"start":{"line":24,"column":12},"end":{"line":34,"column":13}},"7":{"start":{"line":25,"column":16},"end":{"line":28,"column":30}},"8":{"start":{"line":30,"column":16},"end":{"line":33,"column":27}},"9":{"start":{"line":37,"column":8},"end":{"line":39,"column":21}},"10":{"start":{"line":41,"column":8},"end":{"line":41,"column":54}},"11":{"start":{"line":43,"column":8},"end":{"line":43,"column":54}},"12":{"start":{"line":45,"column":8},"end":{"line":51,"column":9}},"13":{"start":{"line":46,"column":12},"end":{"line":46,"column":60}},"14":{"start":{"line":48,"column":12},"end":{"line":48,"column":35}},"15":{"start":{"line":49,"column":12},"end":{"line":49,"column":49}},"16":{"start":{"line":50,"column":12},"end":{"line":50,"column":43}}},"branchMap":{"1":{"line":25,"type":"binary-expr","locations":[{"start":{"line":25,"column":23},"end":{"line":25,"column":62}},{"start":{"line":26,"column":20},"end":{"line":26,"column":70}},{"start":{"line":27,"column":20},"end":{"line":27,"column":71}},{"start":{"line":28,"column":20},"end":{"line":28,"column":29}}]},"2":{"line":30,"type":"binary-expr","locations":[{"start":{"line":30,"column":23},"end":{"line":30,"column":37}},{"start":{"line":31,"column":20},"end":{"line":31,"column":61}},{"start":{"line":32,"column":20},"end":{"line":32,"column":70}},{"start":{"line":33,"column":20},"end":{"line":33,"column":26}}]},"3":{"line":37,"type":"cond-expr","locations":[{"start":{"line":38,"column":14},"end":{"line":38,"column":20}},{"start":{"line":39,"column":14},"end":{"line":39,"column":20}}]},"4":{"line":41,"type":"binary-expr","locations":[{"start":{"line":41,"column":16},"end":{"line":41,"column":44}},{"start":{"line":41,"column":48},"end":{"line":41,"column":53}}]},"5":{"line":45,"type":"if","locations":[{"start":{"line":45,"column":8},"end":{"line":45,"column":8}},{"start":{"line":45,"column":8},"end":{"line":45,"column":8}}]}},"code":["/* istanbul instrument in package npmtest_elastical */","/*jslint","    bitwise: true,","    browser: true,","    maxerr: 8,","    maxlen: 96,","    node: true,","    nomen: true,","    regexp: true,","    stupid: true","*/","(function () {","    'use strict';","    var local;","","","","    // run shared js-env code - pre-init","    (function () {","        // init local","        local = {};","        // init modeJs","        local.modeJs = (function () {","            try {","                return typeof navigator.userAgent === 'string' &&","                    typeof document.querySelector('body') === 'object' &&","                    typeof XMLHttpRequest.prototype.open === 'function' &&","                    'browser';","            } catch (errorCaughtBrowser) {","                return module.exports &&","                    typeof process.versions.node === 'string' &&","                    typeof require('http').createServer === 'function' &&","                    'node';","            }","        }());","        // init global","        local.global = local.modeJs === 'browser'","            ? window","            : global;","        // init utility2_rollup","        local = local.global.utility2_rollup || local;","        // init lib","        local.local = local.npmtest_elastical = local;","        // init exports","        if (local.modeJs === 'browser') {","            local.global.utility2_npmtest_elastical = local;","        } else {","            module.exports = local;","            module.exports.__dirname = __dirname;","            module.exports.module = module;","        }","    }());","}());",""],"l":{"12":2,"14":2,"19":2,"21":2,"23":2,"24":2,"25":2,"30":1,"37":2,"41":2,"43":2,"45":2,"46":1,"48":1,"49":1,"50":1}},"/home/travis/build/npmtest/node-npmtest-elastical/example.js":{"path":"/home/travis/build/npmtest/node-npmtest-elastical/example.js","s":{"1":2,"2":2,"3":2,"4":2,"5":2,"6":2,"7":2,"8":1,"9":2,"10":2,"11":2,"12":2,"13":1,"14":2,"15":2,"16":2,"17":2,"18":2,"19":0,"20":2,"21":1,"22":1,"23":1,"24":1,"25":1,"26":0,"27":0,"28":1,"29":1,"30":2,"31":0,"32":0,"33":0,"34":1,"35":2,"36":2,"37":3,"38":3,"39":3,"40":3,"41":0,"42":3,"43":3,"44":3,"45":1,"46":3,"47":1,"48":1,"49":1,"50":1,"51":1,"52":1,"53":1,"54":1,"55":1,"56":1,"57":0,"58":1,"59":6,"60":6,"61":1,"62":2,"63":0,"64":2,"65":1,"66":1,"67":0,"68":0,"69":0,"70":0,"71":0,"72":0,"73":0,"74":0,"75":0,"76":0,"77":0,"78":0,"79":0,"80":0,"81":0,"82":0,"83":0},"b":{"1":[2,1,1,1],"2":[1,1,1,1],"3":[1,1],"4":[2,2],"5":[1,1],"6":[1,1],"7":[2,0],"8":[2,1,1,1,1,1],"9":[0,2,0],"10":[1,1],"11":[2,1,1],"12":[1,0],"13":[0,2],"14":[2,0,0,0,0,0,0],"15":[0,3],"16":[3,0],"17":[1,1],"18":[0,1],"19":[1,2,0,2],"20":[1,0],"21":[1,1],"22":[0,0],"23":[0,0],"24":[0,0],"25":[0,0],"26":[0,0],"27":[0,0],"28":[0,0]},"f":{"1":2,"2":2,"3":2,"4":2,"5":2,"6":2,"7":3,"8":3,"9":3,"10":1,"11":6,"12":0},"fnMap":{"1":{"name":"(anonymous_1)","line":26,"loc":{"start":{"line":26,"column":1},"end":{"line":26,"column":13}}},"2":{"name":"(anonymous_2)","line":33,"loc":{"start":{"line":33,"column":5},"end":{"line":33,"column":17}}},"3":{"name":"(anonymous_3)","line":37,"loc":{"start":{"line":37,"column":24},"end":{"line":37,"column":36}}},"4":{"name":"(anonymous_4)","line":69,"loc":{"start":{"line":69,"column":31},"end":{"line":69,"column":48}},"skip":true},"5":{"name":"(anonymous_5)","line":78,"loc":{"start":{"line":78,"column":26},"end":{"line":78,"column":45}},"skip":true},"6":{"name":"(anonymous_6)","line":123,"loc":{"start":{"line":123,"column":33},"end":{"line":123,"column":48}},"skip":true},"7":{"name":"(anonymous_7)","line":125,"loc":{"start":{"line":125,"column":27},"end":{"line":125,"column":39}},"skip":true},"8":{"name":"(anonymous_8)","line":133,"loc":{"start":{"line":133,"column":59},"end":{"line":133,"column":74}},"skip":true},"9":{"name":"(anonymous_9)","line":143,"loc":{"start":{"line":143,"column":45},"end":{"line":143,"column":62}},"skip":true},"10":{"name":"(anonymous_10)","line":144,"loc":{"start":{"line":144,"column":73},"end":{"line":144,"column":92}},"skip":true},"11":{"name":"(anonymous_11)","line":272,"loc":{"start":{"line":272,"column":51},"end":{"line":272,"column":77}},"skip":true},"12":{"name":"(anonymous_12)","line":315,"loc":{"start":{"line":315,"column":32},"end":{"line":315,"column":61}},"skip":true}},"statementMap":{"1":{"start":{"line":26,"column":0},"end":{"line":326,"column":5}},"2":{"start":{"line":28,"column":4},"end":{"line":28,"column":14}},"3":{"start":{"line":33,"column":4},"end":{"line":60,"column":9}},"4":{"start":{"line":35,"column":8},"end":{"line":35,"column":19}},"5":{"start":{"line":37,"column":8},"end":{"line":49,"column":13}},"6":{"start":{"line":38,"column":12},"end":{"line":48,"column":13}},"7":{"start":{"line":39,"column":16},"end":{"line":42,"column":30}},"8":{"start":{"line":44,"column":16},"end":{"line":47,"column":27}},"9":{"start":{"line":51,"column":8},"end":{"line":53,"column":21}},"10":{"start":{"line":55,"column":8},"end":{"line":57,"column":45}},"11":{"start":{"line":59,"column":8},"end":{"line":59,"column":35}},"12":{"start":{"line":61,"column":4},"end":{"line":325,"column":5}},"13":{"start":{"line":69,"column":8},"end":{"line":121,"column":10},"skip":true},"14":{"start":{"line":70,"column":12},"end":{"line":88,"column":13},"skip":true},"15":{"start":{"line":76,"column":16},"end":{"line":87,"column":19},"skip":true},"16":{"start":{"line":79,"column":20},"end":{"line":86,"column":21},"skip":true},"17":{"start":{"line":82,"column":24},"end":{"line":82,"column":43},"skip":true},"18":{"start":{"line":83,"column":24},"end":{"line":83,"column":30},"skip":true},"19":{"start":{"line":85,"column":24},"end":{"line":85,"column":49},"skip":true},"20":{"start":{"line":89,"column":12},"end":{"line":107,"column":13},"skip":true},"21":{"start":{"line":92,"column":16},"end":{"line":102,"column":17},"skip":true},"22":{"start":{"line":93,"column":20},"end":{"line":93,"column":86},"skip":true},"23":{"start":{"line":94,"column":20},"end":{"line":95,"column":45},"skip":true},"24":{"start":{"line":96,"column":20},"end":{"line":96,"column":42},"skip":true},"25":{"start":{"line":97,"column":20},"end":{"line":97,"column":48},"skip":true},"26":{"start":{"line":100,"column":20},"end":{"line":100,"column":85},"skip":true},"27":{"start":{"line":101,"column":20},"end":{"line":101,"column":96},"skip":true},"28":{"start":{"line":103,"column":16},"end":{"line":103,"column":22},"skip":true},"29":{"start":{"line":106,"column":16},"end":{"line":106,"column":22},"skip":true},"30":{"start":{"line":108,"column":12},"end":{"line":120,"column":13},"skip":true},"31":{"start":{"line":114,"column":16},"end":{"line":119,"column":17},"skip":true},"32":{"start":{"line":116,"column":20},"end":{"line":116,"column":78},"skip":true},"33":{"start":{"line":118,"column":20},"end":{"line":118,"column":47},"skip":true},"34":{"start":{"line":123,"column":8},"end":{"line":141,"column":11},"skip":true},"35":{"start":{"line":124,"column":12},"end":{"line":124,"column":54},"skip":true},"36":{"start":{"line":125,"column":12},"end":{"line":140,"column":14},"skip":true},"37":{"start":{"line":126,"column":16},"end":{"line":126,"column":28},"skip":true},"38":{"start":{"line":127,"column":16},"end":{"line":127,"column":69},"skip":true},"39":{"start":{"line":128,"column":16},"end":{"line":128,"column":75},"skip":true},"40":{"start":{"line":129,"column":16},"end":{"line":131,"column":17},"skip":true},"41":{"start":{"line":130,"column":20},"end":{"line":130,"column":27},"skip":true},"42":{"start":{"line":133,"column":16},"end":{"line":137,"column":36},"skip":true},"43":{"start":{"line":134,"column":20},"end":{"line":136,"column":55},"skip":true},"44":{"start":{"line":139,"column":16},"end":{"line":139,"column":57},"skip":true},"45":{"start":{"line":143,"column":8},"end":{"line":147,"column":11},"skip":true},"46":{"start":{"line":144,"column":12},"end":{"line":146,"column":15},"skip":true},"47":{"start":{"line":145,"column":16},"end":{"line":145,"column":70},"skip":true},"48":{"start":{"line":149,"column":8},"end":{"line":149,"column":31},"skip":true},"49":{"start":{"line":150,"column":8},"end":{"line":150,"column":14},"skip":true},"50":{"start":{"line":158,"column":8},"end":{"line":158,"column":31},"skip":true},"51":{"start":{"line":160,"column":8},"end":{"line":160,"column":33},"skip":true},"52":{"start":{"line":161,"column":8},"end":{"line":161,"column":37},"skip":true},"53":{"start":{"line":162,"column":8},"end":{"line":162,"column":35},"skip":true},"54":{"start":{"line":164,"column":8},"end":{"line":164,"column":50},"skip":true},"55":{"start":{"line":166,"column":8},"end":{"line":256,"column":2},"skip":true},"56":{"start":{"line":258,"column":8},"end":{"line":286,"column":9},"skip":true},"57":{"start":{"line":259,"column":12},"end":{"line":269,"column":14},"skip":true},"58":{"start":{"line":271,"column":12},"end":{"line":285,"column":19},"skip":true},"59":{"start":{"line":274,"column":20},"end":{"line":274,"column":35},"skip":true},"60":{"start":{"line":275,"column":20},"end":{"line":284,"column":21},"skip":true},"61":{"start":{"line":277,"column":24},"end":{"line":277,"column":64},"skip":true},"62":{"start":{"line":279,"column":24},"end":{"line":279,"column":40},"skip":true},"63":{"start":{"line":281,"column":24},"end":{"line":281,"column":40},"skip":true},"64":{"start":{"line":283,"column":24},"end":{"line":283,"column":39},"skip":true},"65":{"start":{"line":288,"column":8},"end":{"line":290,"column":9},"skip":true},"66":{"start":{"line":289,"column":12},"end":{"line":289,"column":18},"skip":true},"67":{"start":{"line":291,"column":8},"end":{"line":293,"column":54},"skip":true},"68":{"start":{"line":296,"column":8},"end":{"line":301,"column":37},"skip":true},"69":{"start":{"line":303,"column":8},"end":{"line":303,"column":82},"skip":true},"70":{"start":{"line":306,"column":8},"end":{"line":308,"column":9},"skip":true},"71":{"start":{"line":307,"column":12},"end":{"line":307,"column":82},"skip":true},"72":{"start":{"line":310,"column":8},"end":{"line":312,"column":9},"skip":true},"73":{"start":{"line":311,"column":12},"end":{"line":311,"column":18},"skip":true},"74":{"start":{"line":313,"column":8},"end":{"line":313,"column":54},"skip":true},"75":{"start":{"line":314,"column":8},"end":{"line":314,"column":69},"skip":true},"76":{"start":{"line":315,"column":8},"end":{"line":323,"column":36},"skip":true},"77":{"start":{"line":316,"column":12},"end":{"line":316,"column":61},"skip":true},"78":{"start":{"line":317,"column":12},"end":{"line":320,"column":13},"skip":true},"79":{"start":{"line":318,"column":16},"end":{"line":318,"column":75},"skip":true},"80":{"start":{"line":319,"column":16},"end":{"line":319,"column":23},"skip":true},"81":{"start":{"line":321,"column":12},"end":{"line":321,"column":38},"skip":true},"82":{"start":{"line":322,"column":12},"end":{"line":322,"column":27},"skip":true},"83":{"start":{"line":324,"column":8},"end":{"line":324,"column":14},"skip":true}},"branchMap":{"1":{"line":39,"type":"binary-expr","locations":[{"start":{"line":39,"column":23},"end":{"line":39,"column":62}},{"start":{"line":40,"column":20},"end":{"line":40,"column":70}},{"start":{"line":41,"column":20},"end":{"line":41,"column":71}},{"start":{"line":42,"column":20},"end":{"line":42,"column":29}}]},"2":{"line":44,"type":"binary-expr","locations":[{"start":{"line":44,"column":23},"end":{"line":44,"column":37}},{"start":{"line":45,"column":20},"end":{"line":45,"column":61}},{"start":{"line":46,"column":20},"end":{"line":46,"column":70}},{"start":{"line":47,"column":20},"end":{"line":47,"column":26}}]},"3":{"line":51,"type":"cond-expr","locations":[{"start":{"line":52,"column":14},"end":{"line":52,"column":20}},{"start":{"line":53,"column":14},"end":{"line":53,"column":20}}]},"4":{"line":55,"type":"binary-expr","locations":[{"start":{"line":55,"column":16},"end":{"line":55,"column":44}},{"start":{"line":55,"column":49},"end":{"line":57,"column":43}}]},"5":{"line":55,"type":"cond-expr","locations":[{"start":{"line":56,"column":14},"end":{"line":56,"column":53}},{"start":{"line":57,"column":14},"end":{"line":57,"column":43}}]},"6":{"line":61,"type":"switch","locations":[{"start":{"line":68,"column":4},"end":{"line":150,"column":14},"skip":true},{"start":{"line":156,"column":4},"end":{"line":324,"column":14},"skip":true}]},"7":{"line":70,"type":"if","locations":[{"start":{"line":70,"column":12},"end":{"line":70,"column":12},"skip":true},{"start":{"line":70,"column":12},"end":{"line":70,"column":12},"skip":true}]},"8":{"line":70,"type":"binary-expr","locations":[{"start":{"line":70,"column":16},"end":{"line":70,"column":22},"skip":true},{"start":{"line":70,"column":27},"end":{"line":70,"column":32},"skip":true},{"start":{"line":71,"column":20},"end":{"line":71,"column":39},"skip":true},{"start":{"line":72,"column":20},"end":{"line":72,"column":49},"skip":true},{"start":{"line":73,"column":20},"end":{"line":73,"column":58},"skip":true},{"start":{"line":74,"column":20},"end":{"line":74,"column":69},"skip":true}]},"9":{"line":79,"type":"switch","locations":[{"start":{"line":80,"column":20},"end":{"line":80,"column":33},"skip":true},{"start":{"line":81,"column":20},"end":{"line":83,"column":30},"skip":true},{"start":{"line":84,"column":20},"end":{"line":85,"column":49},"skip":true}]},"10":{"line":89,"type":"switch","locations":[{"start":{"line":90,"column":12},"end":{"line":103,"column":22},"skip":true},{"start":{"line":105,"column":12},"end":{"line":106,"column":22},"skip":true}]},"11":{"line":89,"type":"binary-expr","locations":[{"start":{"line":89,"column":20},"end":{"line":89,"column":25},"skip":true},{"start":{"line":89,"column":29},"end":{"line":89,"column":48},"skip":true},{"start":{"line":89,"column":52},"end":{"line":89,"column":74},"skip":true}]},"12":{"line":92,"type":"if","locations":[{"start":{"line":92,"column":16},"end":{"line":92,"column":16},"skip":true},{"start":{"line":92,"column":16},"end":{"line":92,"column":16},"skip":true}]},"13":{"line":108,"type":"if","locations":[{"start":{"line":108,"column":12},"end":{"line":108,"column":12},"skip":true},{"start":{"line":108,"column":12},"end":{"line":108,"column":12},"skip":true}]},"14":{"line":108,"type":"binary-expr","locations":[{"start":{"line":108,"column":16},"end":{"line":108,"column":61},"skip":true},{"start":{"line":108,"column":66},"end":{"line":108,"column":72},"skip":true},{"start":{"line":108,"column":77},"end":{"line":108,"column":82},"skip":true},{"start":{"line":109,"column":20},"end":{"line":109,"column":39},"skip":true},{"start":{"line":110,"column":20},"end":{"line":110,"column":49},"skip":true},{"start":{"line":111,"column":20},"end":{"line":111,"column":58},"skip":true},{"start":{"line":112,"column":20},"end":{"line":112,"column":68},"skip":true}]},"15":{"line":129,"type":"if","locations":[{"start":{"line":129,"column":16},"end":{"line":129,"column":16},"skip":true},{"start":{"line":129,"column":16},"end":{"line":129,"column":16},"skip":true}]},"16":{"line":134,"type":"cond-expr","locations":[{"start":{"line":135,"column":26},"end":{"line":135,"column":29},"skip":true},{"start":{"line":136,"column":26},"end":{"line":136,"column":54},"skip":true}]},"17":{"line":164,"type":"binary-expr","locations":[{"start":{"line":164,"column":27},"end":{"line":164,"column":43},"skip":true},{"start":{"line":164,"column":47},"end":{"line":164,"column":49},"skip":true}]},"18":{"line":258,"type":"if","locations":[{"start":{"line":258,"column":8},"end":{"line":258,"column":8},"skip":true},{"start":{"line":258,"column":8},"end":{"line":258,"column":8},"skip":true}]},"19":{"line":275,"type":"switch","locations":[{"start":{"line":276,"column":20},"end":{"line":277,"column":64},"skip":true},{"start":{"line":278,"column":20},"end":{"line":279,"column":40},"skip":true},{"start":{"line":280,"column":20},"end":{"line":281,"column":40},"skip":true},{"start":{"line":282,"column":20},"end":{"line":283,"column":39},"skip":true}]},"20":{"line":288,"type":"if","locations":[{"start":{"line":288,"column":8},"end":{"line":288,"column":8},"skip":true},{"start":{"line":288,"column":8},"end":{"line":288,"column":8},"skip":true}]},"21":{"line":288,"type":"binary-expr","locations":[{"start":{"line":288,"column":12},"end":{"line":288,"column":40},"skip":true},{"start":{"line":288,"column":44},"end":{"line":288,"column":67},"skip":true}]},"22":{"line":292,"type":"binary-expr","locations":[{"start":{"line":292,"column":12},"end":{"line":292,"column":50},"skip":true},{"start":{"line":293,"column":12},"end":{"line":293,"column":53},"skip":true}]},"23":{"line":297,"type":"binary-expr","locations":[{"start":{"line":297,"column":12},"end":{"line":297,"column":67},"skip":true},{"start":{"line":298,"column":12},"end":{"line":301,"column":36},"skip":true}]},"24":{"line":303,"type":"binary-expr","locations":[{"start":{"line":303,"column":43},"end":{"line":303,"column":75},"skip":true},{"start":{"line":303,"column":79},"end":{"line":303,"column":81},"skip":true}]},"25":{"line":306,"type":"if","locations":[{"start":{"line":306,"column":8},"end":{"line":306,"column":8},"skip":true},{"start":{"line":306,"column":8},"end":{"line":306,"column":8},"skip":true}]},"26":{"line":310,"type":"if","locations":[{"start":{"line":310,"column":8},"end":{"line":310,"column":8},"skip":true},{"start":{"line":310,"column":8},"end":{"line":310,"column":8},"skip":true}]},"27":{"line":313,"type":"binary-expr","locations":[{"start":{"line":313,"column":27},"end":{"line":313,"column":43},"skip":true},{"start":{"line":313,"column":47},"end":{"line":313,"column":53},"skip":true}]},"28":{"line":317,"type":"if","locations":[{"start":{"line":317,"column":12},"end":{"line":317,"column":12},"skip":true},{"start":{"line":317,"column":12},"end":{"line":317,"column":12},"skip":true}]}},"code":["/*","example.js","","quickstart example","","instruction","    1. save this script as example.js","    2. run the shell command:","        $ npm install npmtest-elastical && PORT=8081 node example.js","    3. play with the browser-demo on http://127.0.0.1:8081","*/","","","","/* istanbul instrument in package npmtest_elastical */","/*jslint","    bitwise: true,","    browser: true,","    maxerr: 8,","    maxlen: 96,","    node: true,","    nomen: true,","    regexp: true,","    stupid: true","*/","(function () {","    'use strict';","    var local;","","","","    // run shared js-env code - pre-init","    (function () {","        // init local","        local = {};","        // init modeJs","        local.modeJs = (function () {","            try {","                return typeof navigator.userAgent === 'string' &&","                    typeof document.querySelector('body') === 'object' &&","                    typeof XMLHttpRequest.prototype.open === 'function' &&","                    'browser';","            } catch (errorCaughtBrowser) {","                return module.exports &&","                    typeof process.versions.node === 'string' &&","                    typeof require('http').createServer === 'function' &&","                    'node';","            }","        }());","        // init global","        local.global = local.modeJs === 'browser'","            ? window","            : global;","        // init utility2_rollup","        local = local.global.utility2_rollup || (local.modeJs === 'browser'","            ? local.global.utility2_npmtest_elastical","            : global.utility2_moduleExports);","        // export local","        local.global.local = local;","    }());","    switch (local.modeJs) {","","","","    // post-init","    // run browser js-env code - post-init","    /* istanbul ignore next */","    case 'browser':","        local.testRunBrowser = function (event) {","            if (!event || (event &&","                    event.currentTarget &&","                    event.currentTarget.className &&","                    event.currentTarget.className.includes &&","                    event.currentTarget.className.includes('onreset'))) {","                // reset output","                Array.from(","                    document.querySelectorAll('body > .resettable')","                ).forEach(function (element) {","                    switch (element.tagName) {","                    case 'INPUT':","                    case 'TEXTAREA':","                        element.value = '';","                        break;","                    default:","                        element.textContent = '';","                    }","                });","            }","            switch (event && event.currentTarget && event.currentTarget.id) {","            case 'testRunButton1':","                // show tests","                if (document.querySelector('#testReportDiv1').style.display === 'none') {","                    document.querySelector('#testReportDiv1').style.display = 'block';","                    document.querySelector('#testRunButton1').textContent =","                        'hide internal test';","                    local.modeTest = true;","                    local.testRunDefault(local);","                // hide tests","                } else {","                    document.querySelector('#testReportDiv1').style.display = 'none';","                    document.querySelector('#testRunButton1').textContent = 'run internal test';","                }","                break;","            // custom-case","            default:","                break;","            }","            if (document.querySelector('#inputTextareaEval1') && (!event || (event &&","                    event.currentTarget &&","                    event.currentTarget.className &&","                    event.currentTarget.className.includes &&","                    event.currentTarget.className.includes('oneval')))) {","                // try to eval input-code","                try {","                    /*jslint evil: true*/","                    eval(document.querySelector('#inputTextareaEval1').value);","                } catch (errorCaught) {","                    console.error(errorCaught);","                }","            }","        };","        // log stderr and stdout to #outputTextareaStdout1","        ['error', 'log'].forEach(function (key) {","            console[key + '_original'] = console[key];","            console[key] = function () {","                var element;","                console[key + '_original'].apply(console, arguments);","                element = document.querySelector('#outputTextareaStdout1');","                if (!element) {","                    return;","                }","                // append text to #outputTextareaStdout1","                element.value += Array.from(arguments).map(function (arg) {","                    return typeof arg === 'string'","                        ? arg","                        : JSON.stringify(arg, null, 4);","                }).join(' ') + '\\n';","                // scroll textarea to bottom","                element.scrollTop = element.scrollHeight;","            };","        });","        // init event-handling","        ['change', 'click', 'keyup'].forEach(function (event) {","            Array.from(document.querySelectorAll('.on' + event)).forEach(function (element) {","                element.addEventListener(event, local.testRunBrowser);","            });","        });","        // run tests","        local.testRunBrowser();","        break;","","","","    // run node js-env code - post-init","    /* istanbul ignore next */","    case 'node':","        // export local","        module.exports = local;","        // require modules","        local.fs = require('fs');","        local.http = require('http');","        local.url = require('url');","        // init assets","        local.assetsDict = local.assetsDict || {};","        /* jslint-ignore-begin */","        local.assetsDict['/assets.index.template.html'] = '\\","<!doctype html>\\n\\","<html lang=\"en\">\\n\\","<head>\\n\\","<meta charset=\"UTF-8\">\\n\\","<meta name=\"viewport\" content=\"width=device-width, initial-scale=1\">\\n\\","<title>{{env.npm_package_name}} (v{{env.npm_package_version}})</title>\\n\\","<style>\\n\\","/*csslint\\n\\","    box-sizing: false,\\n\\","    universal-selector: false\\n\\","*/\\n\\","* {\\n\\","    box-sizing: border-box;\\n\\","}\\n\\","body {\\n\\","    background: #dde;\\n\\","    font-family: Arial, Helvetica, sans-serif;\\n\\","    margin: 2rem;\\n\\","}\\n\\","body > * {\\n\\","    margin-bottom: 1rem;\\n\\","}\\n\\",".utility2FooterDiv {\\n\\","    margin-top: 20px;\\n\\","    text-align: center;\\n\\","}\\n\\","</style>\\n\\","<style>\\n\\","/*csslint\\n\\","*/\\n\\","textarea {\\n\\","    font-family: monospace;\\n\\","    height: 10rem;\\n\\","    width: 100%;\\n\\","}\\n\\","textarea[readonly] {\\n\\","    background: #ddd;\\n\\","}\\n\\","</style>\\n\\","</head>\\n\\","<body>\\n\\","<!-- utility2-comment\\n\\","<div id=\"ajaxProgressDiv1\" style=\"background: #d00; height: 2px; left: 0; margin: 0; padding: 0; position: fixed; top: 0; transition: background 0.5s, width 1.5s; width: 25%;\"></div>\\n\\","utility2-comment -->\\n\\","<h1>\\n\\","<!-- utility2-comment\\n\\","    <a\\n\\","        {{#if env.npm_package_homepage}}\\n\\","        href=\"{{env.npm_package_homepage}}\"\\n\\","        {{/if env.npm_package_homepage}}\\n\\","        target=\"_blank\"\\n\\","    >\\n\\","utility2-comment -->\\n\\","        {{env.npm_package_name}} (v{{env.npm_package_version}})\\n\\","<!-- utility2-comment\\n\\","    </a>\\n\\","utility2-comment -->\\n\\","</h1>\\n\\","<h3>{{env.npm_package_description}}</h3>\\n\\","<!-- utility2-comment\\n\\","<h4><a download href=\"assets.app.js\">download standalone app</a></h4>\\n\\","<button class=\"onclick onreset\" id=\"testRunButton1\">run internal test</button><br>\\n\\","<div id=\"testReportDiv1\" style=\"display: none;\"></div>\\n\\","utility2-comment -->\\n\\","\\n\\","\\n\\","\\n\\","<label>stderr and stdout</label>\\n\\","<textarea class=\"resettable\" id=\"outputTextareaStdout1\" readonly></textarea>\\n\\","<!-- utility2-comment\\n\\","{{#if isRollup}}\\n\\","<script src=\"assets.app.js\"></script>\\n\\","{{#unless isRollup}}\\n\\","utility2-comment -->\\n\\","<script src=\"assets.utility2.rollup.js\"></script>\\n\\","<script src=\"jsonp.utility2._stateInit?callback=window.utility2._stateInit\"></script>\\n\\","<script src=\"assets.npmtest_elastical.rollup.js\"></script>\\n\\","<script src=\"assets.example.js\"></script>\\n\\","<script src=\"assets.test.js\"></script>\\n\\","<!-- utility2-comment\\n\\","{{/if isRollup}}\\n\\","utility2-comment -->\\n\\","<div class=\"utility2FooterDiv\">\\n\\","    [ this app was created with\\n\\","    <a href=\"https://github.com/kaizhu256/node-utility2\" target=\"_blank\">utility2</a>\\n\\","    ]\\n\\","</div>\\n\\","</body>\\n\\","</html>\\n\\","';","        /* jslint-ignore-end */","        if (local.templateRender) {","            local.assetsDict['/'] = local.templateRender(","                local.assetsDict['/assets.index.template.html'],","                {","                    env: local.objectSetDefault(local.env, {","                        npm_package_description: 'the greatest app in the world!',","                        npm_package_name: 'my-app',","                        npm_package_nameAlias: 'my_app',","                        npm_package_version: '0.0.1'","                    })","                }","            );","        } else {","            local.assetsDict['/'] = local.assetsDict['/assets.index.template.html']","                .replace((/\\{\\{env\\.(\\w+?)\\}\\}/g), function (match0, match1) {","                    // jslint-hack","                    String(match0);","                    switch (match1) {","                    case 'npm_package_description':","                        return 'the greatest app in the world!';","                    case 'npm_package_name':","                        return 'my-app';","                    case 'npm_package_nameAlias':","                        return 'my_app';","                    case 'npm_package_version':","                        return '0.0.1';","                    }","                });","        }","        // run the cli","        if (local.global.utility2_rollup || module !== require.main) {","            break;","        }","        local.assetsDict['/assets.example.js'] =","            local.assetsDict['/assets.example.js'] ||","            local.fs.readFileSync(__filename, 'utf8');","        // bug-workaround - long $npm_package_buildCustomOrg","        /* jslint-ignore-begin */","        local.assetsDict['/assets.npmtest_elastical.rollup.js'] =","            local.assetsDict['/assets.npmtest_elastical.rollup.js'] ||","            local.fs.readFileSync(","                local.npmtest_elastical.__dirname + '/lib.npmtest_elastical.js',","                'utf8'","            ).replace((/^#!/), '//');","        /* jslint-ignore-end */","        local.assetsDict['/favicon.ico'] = local.assetsDict['/favicon.ico'] || '';","        // if $npm_config_timeout_exit exists,","        // then exit this process after $npm_config_timeout_exit ms","        if (Number(process.env.npm_config_timeout_exit)) {","            setTimeout(process.exit, Number(process.env.npm_config_timeout_exit));","        }","        // start server","        if (local.global.utility2_serverHttp1) {","            break;","        }","        process.env.PORT = process.env.PORT || '8081';","        console.error('server starting on port ' + process.env.PORT);","        local.http.createServer(function (request, response) {","            request.urlParsed = local.url.parse(request.url);","            if (local.assetsDict[request.urlParsed.pathname] !== undefined) {","                response.end(local.assetsDict[request.urlParsed.pathname]);","                return;","            }","            response.statusCode = 404;","            response.end();","        }).listen(process.env.PORT);","        break;","    }","}());",""],"l":{"26":2,"28":2,"33":2,"35":2,"37":2,"38":2,"39":2,"44":1,"51":2,"55":2,"59":2,"61":2,"69":1,"70":2,"76":2,"79":2,"82":2,"83":2,"85":1,"89":2,"92":1,"93":1,"94":1,"96":1,"97":1,"100":1,"101":1,"103":1,"106":1,"108":2,"114":1,"116":1,"118":1,"123":1,"124":2,"125":2,"126":3,"127":3,"128":3,"129":3,"130":1,"133":3,"134":3,"139":3,"143":1,"144":3,"145":1,"149":1,"150":1,"158":1,"160":1,"161":1,"162":1,"164":1,"166":1,"258":1,"259":1,"271":1,"274":6,"275":6,"277":1,"279":2,"281":1,"283":2,"288":1,"289":1,"291":1,"296":1,"303":1,"306":1,"307":1,"310":1,"311":1,"313":1,"314":1,"315":1,"316":1,"317":1,"318":1,"319":1,"321":1,"322":1,"324":1}},"/home/travis/build/npmtest/node-npmtest-elastical/node_modules/elastical/index.js":{"path":"/home/travis/build/npmtest/node-npmtest-elastical/node_modules/elastical/index.js","s":{"1":1},"b":{},"f":{},"fnMap":{},"statementMap":{"1":{"start":{"line":5,"column":0},"end":{"line":8,"column":2}}},"branchMap":{},"code":["/**","@module elastical","**/","","module.exports = {","    Client: require('./lib/client'),","    Index : require('./lib/index')","};",""],"l":{"5":1}},"/home/travis/build/npmtest/node-npmtest-elastical/node_modules/elastical/lib/client.js":{"path":"/home/travis/build/npmtest/node-npmtest-elastical/node_modules/elastical/lib/client.js","s":{"1":1,"2":1,"3":0,"4":0,"5":0,"6":0,"7":0,"8":0,"9":0,"10":0,"11":0,"12":0,"13":0,"14":0,"15":0,"16":1,"17":9,"18":0,"19":0,"20":0,"21":0,"22":0,"23":9,"24":0,"25":0,"26":0,"27":0,"28":0,"29":0,"30":0,"31":0,"32":0,"33":0,"34":0,"35":0,"36":0,"37":0,"38":0,"39":0,"40":0,"41":0,"42":0,"43":0,"44":0,"45":0,"46":0,"47":0,"48":0,"49":0,"50":0,"51":0,"52":0,"53":0,"54":0,"55":0,"56":0,"57":0,"58":0,"59":0,"60":0,"61":0,"62":0,"63":0,"64":0,"65":0,"66":0,"67":0,"68":0,"69":0,"70":0,"71":0,"72":0,"73":0,"74":0,"75":0,"76":0,"77":0,"78":0,"79":0,"80":0,"81":0,"82":0,"83":0,"84":0,"85":0,"86":0,"87":0,"88":0,"89":0,"90":0,"91":0,"92":0,"93":0,"94":0,"95":0,"96":0,"97":0,"98":0,"99":0,"100":0,"101":0,"102":0,"103":0,"104":0,"105":0,"106":0,"107":0,"108":0,"109":0,"110":0,"111":0,"112":0,"113":0,"114":0,"115":0,"116":0,"117":0,"118":0,"119":0,"120":0,"121":0,"122":0,"123":0,"124":0,"125":0,"126":0,"127":0,"128":0,"129":0,"130":0,"131":0,"132":0,"133":0,"134":0,"135":0,"136":0,"137":0,"138":0,"139":0,"140":1,"141":1,"142":1,"143":1,"144":0,"145":0,"146":0,"147":0,"148":0,"149":0,"150":0,"151":1,"152":7,"153":0,"154":0,"155":1,"156":16,"157":0,"158":0,"159":0},"b":{"1":[0,0],"2":[0,0],"3":[0,0],"4":[0,0],"5":[0,0],"6":[0,0],"7":[0,0],"8":[0,0],"9":[0,0],"10":[0,0],"11":[0,0],"12":[0,0],"13":[0,0],"14":[0,0],"15":[0,0],"16":[0,0],"17":[0,0],"18":[0,0],"19":[0,0],"20":[0,0],"21":[0,0],"22":[0,0],"23":[0,0],"24":[0,0],"25":[0,0],"26":[0,0],"27":[0,0],"28":[0,0],"29":[0,0],"30":[0,0],"31":[0,0],"32":[0,0],"33":[0,0],"34":[0,0],"35":[0,0],"36":[0,0],"37":[0,0],"38":[0,0],"39":[0,0],"40":[0,0],"41":[0,0],"42":[0,0],"43":[0,0],"44":[0,0],"45":[0,0],"46":[0,0],"47":[0,0],"48":[0,0],"49":[0,0],"50":[0,0],"51":[0,0],"52":[0,0],"53":[0,0],"54":[0,0],"55":[0,0],"56":[0,0],"57":[0,0],"58":[0,0],"59":[0,0],"60":[0,0],"61":[0,0],"62":[0,0],"63":[0,0],"64":[0,0],"65":[0,0],"66":[0,0],"67":[0,0,0],"68":[0,0],"69":[0,0],"70":[0,0],"71":[0,0],"72":[0,0]},"f":{"1":0,"2":9,"3":9,"4":0,"5":0,"6":0,"7":0,"8":0,"9":0,"10":0,"11":0,"12":0,"13":0,"14":0,"15":0,"16":0,"17":0,"18":7,"19":0,"20":16,"21":0},"fnMap":{"1":{"name":"Client","line":45,"loc":{"start":{"line":45,"column":0},"end":{"line":45,"column":31}}},"2":{"name":"(anonymous_2)","line":92,"loc":{"start":{"line":92,"column":15},"end":{"line":92,"column":18}}},"3":{"name":"(anonymous_3)","line":114,"loc":{"start":{"line":114,"column":12},"end":{"line":114,"column":15}}},"4":{"name":"(anonymous_4)","line":172,"loc":{"start":{"line":172,"column":11},"end":{"line":172,"column":40}}},"5":{"name":"(anonymous_5)","line":220,"loc":{"start":{"line":220,"column":38},"end":{"line":220,"column":58}}},"6":{"name":"(anonymous_6)","line":333,"loc":{"start":{"line":333,"column":14},"end":{"line":333,"column":30}}},"7":{"name":"(anonymous_7)","line":646,"loc":{"start":{"line":646,"column":12},"end":{"line":646,"column":41}}},"8":{"name":"(anonymous_8)","line":661,"loc":{"start":{"line":661,"column":36},"end":{"line":661,"column":52}}},"9":{"name":"(anonymous_9)","line":719,"loc":{"start":{"line":719,"column":11},"end":{"line":719,"column":31}}},"10":{"name":"(anonymous_10)","line":760,"loc":{"start":{"line":760,"column":11},"end":{"line":760,"column":40}}},"11":{"name":"(anonymous_11)","line":787,"loc":{"start":{"line":787,"column":25},"end":{"line":787,"column":48}}},"12":{"name":"(anonymous_12)","line":801,"loc":{"start":{"line":801,"column":9},"end":{"line":801,"column":29}}},"13":{"name":"(anonymous_13)","line":956,"loc":{"start":{"line":956,"column":14},"end":{"line":956,"column":49}}},"14":{"name":"(anonymous_14)","line":979,"loc":{"start":{"line":979,"column":25},"end":{"line":979,"column":38}}},"15":{"name":"(anonymous_15)","line":995,"loc":{"start":{"line":995,"column":30},"end":{"line":995,"column":56}}},"16":{"name":"noop","line":1036,"loc":{"start":{"line":1036,"column":0},"end":{"line":1036,"column":16}}},"17":{"name":"curlDebug","line":1038,"loc":{"start":{"line":1038,"column":0},"end":{"line":1038,"column":28}}},"18":{"name":"wrapIndexMethod","line":1052,"loc":{"start":{"line":1052,"column":0},"end":{"line":1052,"column":37}}},"19":{"name":"(anonymous_19)","line":1053,"loc":{"start":{"line":1053,"column":11},"end":{"line":1053,"column":32}}},"20":{"name":"wrapStaticIndexMethod","line":1061,"loc":{"start":{"line":1061,"column":0},"end":{"line":1061,"column":43}}},"21":{"name":"(anonymous_21)","line":1062,"loc":{"start":{"line":1062,"column":11},"end":{"line":1062,"column":23}}}},"statementMap":{"1":{"start":{"line":8,"column":0},"end":{"line":11,"column":32}},"2":{"start":{"line":45,"column":0},"end":{"line":66,"column":1}},"3":{"start":{"line":47,"column":4},"end":{"line":50,"column":5}},"4":{"start":{"line":48,"column":8},"end":{"line":48,"column":23}},"5":{"start":{"line":49,"column":8},"end":{"line":49,"column":28}},"6":{"start":{"line":52,"column":4},"end":{"line":52,"column":39}},"7":{"start":{"line":53,"column":4},"end":{"line":53,"column":33}},"8":{"start":{"line":55,"column":4},"end":{"line":60,"column":5}},"9":{"start":{"line":56,"column":6},"end":{"line":56,"column":31}},"10":{"start":{"line":58,"column":9},"end":{"line":60,"column":5}},"11":{"start":{"line":59,"column":6},"end":{"line":59,"column":31}},"12":{"start":{"line":61,"column":4},"end":{"line":61,"column":62}},"13":{"start":{"line":62,"column":4},"end":{"line":62,"column":59}},"14":{"start":{"line":63,"column":4},"end":{"line":63,"column":60}},"15":{"start":{"line":65,"column":4},"end":{"line":65,"column":26}},"16":{"start":{"line":68,"column":0},"end":{"line":1023,"column":2}},"17":{"start":{"line":93,"column":8},"end":{"line":95,"column":22}},"18":{"start":{"line":97,"column":8},"end":{"line":99,"column":9}},"19":{"start":{"line":98,"column":10},"end":{"line":98,"column":54}},"20":{"start":{"line":101,"column":8},"end":{"line":103,"column":9}},"21":{"start":{"line":102,"column":10},"end":{"line":102,"column":52}},"22":{"start":{"line":105,"column":8},"end":{"line":105,"column":23}},"23":{"start":{"line":115,"column":8},"end":{"line":115,"column":33}},"24":{"start":{"line":173,"column":8},"end":{"line":174,"column":23}},"25":{"start":{"line":175,"column":8},"end":{"line":178,"column":9}},"26":{"start":{"line":176,"column":12},"end":{"line":176,"column":31}},"27":{"start":{"line":177,"column":12},"end":{"line":177,"column":26}},"28":{"start":{"line":179,"column":8},"end":{"line":183,"column":9}},"29":{"start":{"line":180,"column":10},"end":{"line":180,"column":61}},"30":{"start":{"line":181,"column":10},"end":{"line":181,"column":32}},"31":{"start":{"line":182,"column":10},"end":{"line":182,"column":20}},"32":{"start":{"line":186,"column":8},"end":{"line":186,"column":44}},"33":{"start":{"line":189,"column":8},"end":{"line":194,"column":9}},"34":{"start":{"line":190,"column":12},"end":{"line":191,"column":57}},"35":{"start":{"line":193,"column":12},"end":{"line":193,"column":33}},"36":{"start":{"line":198,"column":8},"end":{"line":200,"column":9}},"37":{"start":{"line":199,"column":12},"end":{"line":199,"column":61}},"38":{"start":{"line":202,"column":8},"end":{"line":211,"column":9}},"39":{"start":{"line":203,"column":12},"end":{"line":205,"column":13}},"40":{"start":{"line":204,"column":16},"end":{"line":204,"column":30}},"41":{"start":{"line":207,"column":12},"end":{"line":208,"column":55}},"42":{"start":{"line":210,"column":12},"end":{"line":210,"column":32}},"43":{"start":{"line":213,"column":8},"end":{"line":213,"column":51}},"44":{"start":{"line":214,"column":8},"end":{"line":214,"column":25}},"45":{"start":{"line":215,"column":8},"end":{"line":215,"column":33}},"46":{"start":{"line":216,"column":8},"end":{"line":216,"column":63}},"47":{"start":{"line":217,"column":8},"end":{"line":219,"column":9}},"48":{"start":{"line":218,"column":10},"end":{"line":218,"column":35}},"49":{"start":{"line":220,"column":8},"end":{"line":228,"column":11}},"50":{"start":{"line":221,"column":12},"end":{"line":223,"column":13}},"51":{"start":{"line":222,"column":14},"end":{"line":222,"column":57}},"52":{"start":{"line":224,"column":12},"end":{"line":226,"column":13}},"53":{"start":{"line":225,"column":14},"end":{"line":225,"column":92}},"54":{"start":{"line":227,"column":12},"end":{"line":227,"column":50}},"55":{"start":{"line":334,"column":8},"end":{"line":335,"column":61}},"56":{"start":{"line":647,"column":8},"end":{"line":649,"column":23}},"57":{"start":{"line":651,"column":8},"end":{"line":654,"column":9}},"58":{"start":{"line":652,"column":12},"end":{"line":652,"column":31}},"59":{"start":{"line":653,"column":12},"end":{"line":653,"column":26}},"60":{"start":{"line":655,"column":8},"end":{"line":655,"column":63}},"61":{"start":{"line":657,"column":8},"end":{"line":657,"column":44}},"62":{"start":{"line":661,"column":8},"end":{"line":673,"column":11}},"63":{"start":{"line":662,"column":12},"end":{"line":662,"column":38}},"64":{"start":{"line":664,"column":12},"end":{"line":672,"column":13}},"65":{"start":{"line":665,"column":16},"end":{"line":669,"column":17}},"66":{"start":{"line":666,"column":20},"end":{"line":666,"column":73}},"67":{"start":{"line":668,"column":20},"end":{"line":668,"column":67}},"68":{"start":{"line":671,"column":16},"end":{"line":671,"column":37}},"69":{"start":{"line":675,"column":8},"end":{"line":678,"column":9}},"70":{"start":{"line":676,"column":12},"end":{"line":677,"column":33}},"71":{"start":{"line":680,"column":8},"end":{"line":685,"column":9}},"72":{"start":{"line":681,"column":12},"end":{"line":682,"column":57}},"73":{"start":{"line":684,"column":12},"end":{"line":684,"column":33}},"74":{"start":{"line":689,"column":8},"end":{"line":691,"column":9}},"75":{"start":{"line":690,"column":12},"end":{"line":690,"column":67}},"76":{"start":{"line":693,"column":8},"end":{"line":702,"column":9}},"77":{"start":{"line":694,"column":12},"end":{"line":696,"column":13}},"78":{"start":{"line":695,"column":16},"end":{"line":695,"column":30}},"79":{"start":{"line":698,"column":12},"end":{"line":699,"column":55}},"80":{"start":{"line":701,"column":12},"end":{"line":701,"column":32}},"81":{"start":{"line":704,"column":8},"end":{"line":704,"column":51}},"82":{"start":{"line":706,"column":8},"end":{"line":706,"column":26}},"83":{"start":{"line":708,"column":8},"end":{"line":710,"column":9}},"84":{"start":{"line":709,"column":10},"end":{"line":709,"column":27}},"85":{"start":{"line":712,"column":8},"end":{"line":714,"column":9}},"86":{"start":{"line":713,"column":12},"end":{"line":713,"column":41}},"87":{"start":{"line":716,"column":8},"end":{"line":722,"column":11}},"88":{"start":{"line":720,"column":12},"end":{"line":720,"column":68}},"89":{"start":{"line":720,"column":23},"end":{"line":720,"column":66}},"90":{"start":{"line":721,"column":12},"end":{"line":721,"column":42}},"91":{"start":{"line":761,"column":6},"end":{"line":763,"column":21}},"92":{"start":{"line":765,"column":6},"end":{"line":768,"column":7}},"93":{"start":{"line":766,"column":8},"end":{"line":766,"column":27}},"94":{"start":{"line":767,"column":8},"end":{"line":767,"column":21}},"95":{"start":{"line":770,"column":6},"end":{"line":770,"column":42}},"96":{"start":{"line":772,"column":6},"end":{"line":783,"column":7}},"97":{"start":{"line":773,"column":8},"end":{"line":774,"column":51}},"98":{"start":{"line":776,"column":8},"end":{"line":776,"column":29}},"99":{"start":{"line":778,"column":8},"end":{"line":781,"column":9}},"100":{"start":{"line":779,"column":10},"end":{"line":780,"column":54}},"101":{"start":{"line":782,"column":8},"end":{"line":782,"column":29}},"102":{"start":{"line":785,"column":6},"end":{"line":785,"column":23}},"103":{"start":{"line":787,"column":6},"end":{"line":793,"column":9}},"104":{"start":{"line":788,"column":10},"end":{"line":790,"column":11}},"105":{"start":{"line":789,"column":14},"end":{"line":789,"column":40}},"106":{"start":{"line":792,"column":10},"end":{"line":792,"column":57}},"107":{"start":{"line":795,"column":6},"end":{"line":797,"column":7}},"108":{"start":{"line":796,"column":8},"end":{"line":796,"column":37}},"109":{"start":{"line":799,"column":6},"end":{"line":804,"column":9}},"110":{"start":{"line":802,"column":8},"end":{"line":802,"column":63}},"111":{"start":{"line":802,"column":18},"end":{"line":802,"column":61}},"112":{"start":{"line":803,"column":8},"end":{"line":803,"column":28}},"113":{"start":{"line":957,"column":8},"end":{"line":957,"column":38}},"114":{"start":{"line":959,"column":8},"end":{"line":962,"column":9}},"115":{"start":{"line":960,"column":12},"end":{"line":960,"column":31}},"116":{"start":{"line":961,"column":12},"end":{"line":961,"column":26}},"117":{"start":{"line":965,"column":8},"end":{"line":965,"column":38}},"118":{"start":{"line":967,"column":8},"end":{"line":967,"column":38}},"119":{"start":{"line":968,"column":8},"end":{"line":968,"column":26}},"120":{"start":{"line":970,"column":8},"end":{"line":982,"column":17}},"121":{"start":{"line":980,"column":10},"end":{"line":980,"column":46}},"122":{"start":{"line":980,"column":40},"end":{"line":980,"column":46}},"123":{"start":{"line":981,"column":10},"end":{"line":981,"column":61}},"124":{"start":{"line":986,"column":8},"end":{"line":988,"column":9}},"125":{"start":{"line":987,"column":12},"end":{"line":987,"column":31}},"126":{"start":{"line":992,"column":8},"end":{"line":994,"column":9}},"127":{"start":{"line":993,"column":12},"end":{"line":993,"column":60}},"128":{"start":{"line":995,"column":8},"end":{"line":1021,"column":11}},"129":{"start":{"line":996,"column":12},"end":{"line":996,"column":57}},"130":{"start":{"line":996,"column":23},"end":{"line":996,"column":55}},"131":{"start":{"line":1005,"column":12},"end":{"line":1011,"column":13}},"132":{"start":{"line":1006,"column":16},"end":{"line":1006,"column":45}},"133":{"start":{"line":1008,"column":16},"end":{"line":1010,"column":31}},"134":{"start":{"line":1009,"column":20},"end":{"line":1009,"column":44}},"135":{"start":{"line":1013,"column":12},"end":{"line":1017,"column":13}},"136":{"start":{"line":1014,"column":16},"end":{"line":1015,"column":32}},"137":{"start":{"line":1016,"column":16},"end":{"line":1016,"column":23}},"138":{"start":{"line":1019,"column":12},"end":{"line":1019,"column":39}},"139":{"start":{"line":1020,"column":12},"end":{"line":1020,"column":19}},"140":{"start":{"line":1031,"column":0},"end":{"line":1031,"column":46}},"141":{"start":{"line":1033,"column":0},"end":{"line":1033,"column":24}},"142":{"start":{"line":1036,"column":0},"end":{"line":1036,"column":18}},"143":{"start":{"line":1038,"column":0},"end":{"line":1050,"column":1}},"144":{"start":{"line":1039,"column":4},"end":{"line":1039,"column":56}},"145":{"start":{"line":1041,"column":4},"end":{"line":1041,"column":40}},"146":{"start":{"line":1043,"column":4},"end":{"line":1047,"column":5}},"147":{"start":{"line":1044,"column":8},"end":{"line":1044,"column":59}},"148":{"start":{"line":1045,"column":11},"end":{"line":1047,"column":5}},"149":{"start":{"line":1046,"column":8},"end":{"line":1046,"column":73}},"150":{"start":{"line":1049,"column":4},"end":{"line":1049,"column":41}},"151":{"start":{"line":1052,"column":0},"end":{"line":1059,"column":1}},"152":{"start":{"line":1053,"column":4},"end":{"line":1058,"column":6}},"153":{"start":{"line":1054,"column":8},"end":{"line":1055,"column":45}},"154":{"start":{"line":1057,"column":8},"end":{"line":1057,"column":52}},"155":{"start":{"line":1061,"column":0},"end":{"line":1068,"column":1}},"156":{"start":{"line":1062,"column":4},"end":{"line":1067,"column":5}},"157":{"start":{"line":1063,"column":8},"end":{"line":1063,"column":57}},"158":{"start":{"line":1065,"column":8},"end":{"line":1065,"column":27}},"159":{"start":{"line":1066,"column":8},"end":{"line":1066,"column":52}}},"branchMap":{"1":{"line":47,"type":"if","locations":[{"start":{"line":47,"column":4},"end":{"line":47,"column":4}},{"start":{"line":47,"column":4},"end":{"line":47,"column":4}}]},"2":{"line":52,"type":"binary-expr","locations":[{"start":{"line":52,"column":19},"end":{"line":52,"column":23}},{"start":{"line":52,"column":27},"end":{"line":52,"column":38}}]},"3":{"line":53,"type":"binary-expr","locations":[{"start":{"line":53,"column":19},"end":{"line":53,"column":26}},{"start":{"line":53,"column":30},"end":{"line":53,"column":32}}]},"4":{"line":55,"type":"if","locations":[{"start":{"line":55,"column":4},"end":{"line":55,"column":4}},{"start":{"line":55,"column":4},"end":{"line":55,"column":4}}]},"5":{"line":58,"type":"if","locations":[{"start":{"line":58,"column":9},"end":{"line":58,"column":9}},{"start":{"line":58,"column":9},"end":{"line":58,"column":9}}]},"6":{"line":61,"type":"binary-expr","locations":[{"start":{"line":61,"column":4},"end":{"line":61,"column":25}},{"start":{"line":61,"column":30},"end":{"line":61,"column":60}}]},"7":{"line":62,"type":"binary-expr","locations":[{"start":{"line":62,"column":4},"end":{"line":62,"column":24}},{"start":{"line":62,"column":29},"end":{"line":62,"column":57}}]},"8":{"line":63,"type":"binary-expr","locations":[{"start":{"line":63,"column":4},"end":{"line":63,"column":25}},{"start":{"line":63,"column":30},"end":{"line":63,"column":58}}]},"9":{"line":94,"type":"cond-expr","locations":[{"start":{"line":94,"column":33},"end":{"line":94,"column":56}},{"start":{"line":94,"column":59},"end":{"line":94,"column":61}}]},"10":{"line":97,"type":"if","locations":[{"start":{"line":97,"column":8},"end":{"line":97,"column":8}},{"start":{"line":97,"column":8},"end":{"line":97,"column":8}}]},"11":{"line":101,"type":"if","locations":[{"start":{"line":101,"column":8},"end":{"line":101,"column":8}},{"start":{"line":101,"column":8},"end":{"line":101,"column":8}}]},"12":{"line":175,"type":"if","locations":[{"start":{"line":175,"column":8},"end":{"line":175,"column":8}},{"start":{"line":175,"column":8},"end":{"line":175,"column":8}}]},"13":{"line":179,"type":"if","locations":[{"start":{"line":179,"column":8},"end":{"line":179,"column":8}},{"start":{"line":179,"column":8},"end":{"line":179,"column":8}}]},"14":{"line":186,"type":"binary-expr","locations":[{"start":{"line":186,"column":29},"end":{"line":186,"column":36}},{"start":{"line":186,"column":40},"end":{"line":186,"column":42}}]},"15":{"line":189,"type":"if","locations":[{"start":{"line":189,"column":8},"end":{"line":189,"column":8}},{"start":{"line":189,"column":8},"end":{"line":189,"column":8}}]},"16":{"line":190,"type":"cond-expr","locations":[{"start":{"line":191,"column":16},"end":{"line":191,"column":39}},{"start":{"line":191,"column":42},"end":{"line":191,"column":55}}]},"17":{"line":198,"type":"if","locations":[{"start":{"line":198,"column":8},"end":{"line":198,"column":8}},{"start":{"line":198,"column":8},"end":{"line":198,"column":8}}]},"18":{"line":202,"type":"if","locations":[{"start":{"line":202,"column":8},"end":{"line":202,"column":8}},{"start":{"line":202,"column":8},"end":{"line":202,"column":8}}]},"19":{"line":203,"type":"if","locations":[{"start":{"line":203,"column":12},"end":{"line":203,"column":12}},{"start":{"line":203,"column":12},"end":{"line":203,"column":12}}]},"20":{"line":207,"type":"cond-expr","locations":[{"start":{"line":208,"column":16},"end":{"line":208,"column":38}},{"start":{"line":208,"column":41},"end":{"line":208,"column":53}}]},"21":{"line":216,"type":"cond-expr","locations":[{"start":{"line":216,"column":47},"end":{"line":216,"column":53}},{"start":{"line":216,"column":56},"end":{"line":216,"column":61}}]},"22":{"line":217,"type":"if","locations":[{"start":{"line":217,"column":8},"end":{"line":217,"column":8}},{"start":{"line":217,"column":8},"end":{"line":217,"column":8}}]},"23":{"line":221,"type":"if","locations":[{"start":{"line":221,"column":12},"end":{"line":221,"column":12}},{"start":{"line":221,"column":12},"end":{"line":221,"column":12}}]},"24":{"line":224,"type":"if","locations":[{"start":{"line":224,"column":12},"end":{"line":224,"column":12}},{"start":{"line":224,"column":12},"end":{"line":224,"column":12}}]},"25":{"line":334,"type":"binary-expr","locations":[{"start":{"line":334,"column":15},"end":{"line":334,"column":37}},{"start":{"line":335,"column":13},"end":{"line":335,"column":59}}]},"26":{"line":651,"type":"if","locations":[{"start":{"line":651,"column":8},"end":{"line":651,"column":8}},{"start":{"line":651,"column":8},"end":{"line":651,"column":8}}]},"27":{"line":657,"type":"binary-expr","locations":[{"start":{"line":657,"column":29},"end":{"line":657,"column":36}},{"start":{"line":657,"column":40},"end":{"line":657,"column":42}}]},"28":{"line":664,"type":"if","locations":[{"start":{"line":664,"column":12},"end":{"line":664,"column":12}},{"start":{"line":664,"column":12},"end":{"line":664,"column":12}}]},"29":{"line":665,"type":"if","locations":[{"start":{"line":665,"column":16},"end":{"line":665,"column":16}},{"start":{"line":665,"column":16},"end":{"line":665,"column":16}}]},"30":{"line":665,"type":"binary-expr","locations":[{"start":{"line":665,"column":20},"end":{"line":665,"column":34}},{"start":{"line":665,"column":38},"end":{"line":665,"column":53}}]},"31":{"line":666,"type":"cond-expr","locations":[{"start":{"line":666,"column":61},"end":{"line":666,"column":64}},{"start":{"line":666,"column":67},"end":{"line":666,"column":70}}]},"32":{"line":675,"type":"if","locations":[{"start":{"line":675,"column":8},"end":{"line":675,"column":8}},{"start":{"line":675,"column":8},"end":{"line":675,"column":8}}]},"33":{"line":676,"type":"cond-expr","locations":[{"start":{"line":676,"column":61},"end":{"line":676,"column":75}},{"start":{"line":677,"column":16},"end":{"line":677,"column":32}}]},"34":{"line":680,"type":"if","locations":[{"start":{"line":680,"column":8},"end":{"line":680,"column":8}},{"start":{"line":680,"column":8},"end":{"line":680,"column":8}}]},"35":{"line":681,"type":"cond-expr","locations":[{"start":{"line":682,"column":16},"end":{"line":682,"column":39}},{"start":{"line":682,"column":42},"end":{"line":682,"column":55}}]},"36":{"line":689,"type":"if","locations":[{"start":{"line":689,"column":8},"end":{"line":689,"column":8}},{"start":{"line":689,"column":8},"end":{"line":689,"column":8}}]},"37":{"line":693,"type":"if","locations":[{"start":{"line":693,"column":8},"end":{"line":693,"column":8}},{"start":{"line":693,"column":8},"end":{"line":693,"column":8}}]},"38":{"line":694,"type":"if","locations":[{"start":{"line":694,"column":12},"end":{"line":694,"column":12}},{"start":{"line":694,"column":12},"end":{"line":694,"column":12}}]},"39":{"line":698,"type":"cond-expr","locations":[{"start":{"line":699,"column":16},"end":{"line":699,"column":38}},{"start":{"line":699,"column":41},"end":{"line":699,"column":53}}]},"40":{"line":708,"type":"if","locations":[{"start":{"line":708,"column":8},"end":{"line":708,"column":8}},{"start":{"line":708,"column":8},"end":{"line":708,"column":8}}]},"41":{"line":712,"type":"if","locations":[{"start":{"line":712,"column":8},"end":{"line":712,"column":8}},{"start":{"line":712,"column":8},"end":{"line":712,"column":8}}]},"42":{"line":717,"type":"cond-expr","locations":[{"start":{"line":717,"column":33},"end":{"line":717,"column":39}},{"start":{"line":717,"column":42},"end":{"line":717,"column":47}}]},"43":{"line":718,"type":"cond-expr","locations":[{"start":{"line":718,"column":33},"end":{"line":718,"column":40}},{"start":{"line":718,"column":43},"end":{"line":718,"column":45}}]},"44":{"line":720,"type":"if","locations":[{"start":{"line":720,"column":12},"end":{"line":720,"column":12}},{"start":{"line":720,"column":12},"end":{"line":720,"column":12}}]},"45":{"line":765,"type":"if","locations":[{"start":{"line":765,"column":6},"end":{"line":765,"column":6}},{"start":{"line":765,"column":6},"end":{"line":765,"column":6}}]},"46":{"line":770,"type":"binary-expr","locations":[{"start":{"line":770,"column":27},"end":{"line":770,"column":34}},{"start":{"line":770,"column":38},"end":{"line":770,"column":40}}]},"47":{"line":772,"type":"if","locations":[{"start":{"line":772,"column":6},"end":{"line":772,"column":6}},{"start":{"line":772,"column":6},"end":{"line":772,"column":6}}]},"48":{"line":773,"type":"cond-expr","locations":[{"start":{"line":774,"column":10},"end":{"line":774,"column":33}},{"start":{"line":774,"column":36},"end":{"line":774,"column":49}}]},"49":{"line":778,"type":"if","locations":[{"start":{"line":778,"column":8},"end":{"line":778,"column":8}},{"start":{"line":778,"column":8},"end":{"line":778,"column":8}}]},"50":{"line":779,"type":"cond-expr","locations":[{"start":{"line":780,"column":12},"end":{"line":780,"column":35}},{"start":{"line":780,"column":38},"end":{"line":780,"column":51}}]},"51":{"line":788,"type":"if","locations":[{"start":{"line":788,"column":10},"end":{"line":788,"column":10}},{"start":{"line":788,"column":10},"end":{"line":788,"column":10}}]},"52":{"line":788,"type":"binary-expr","locations":[{"start":{"line":788,"column":14},"end":{"line":788,"column":28}},{"start":{"line":788,"column":32},"end":{"line":788,"column":47}}]},"53":{"line":789,"type":"cond-expr","locations":[{"start":{"line":789,"column":30},"end":{"line":789,"column":33}},{"start":{"line":789,"column":36},"end":{"line":789,"column":39}}]},"54":{"line":795,"type":"if","locations":[{"start":{"line":795,"column":6},"end":{"line":795,"column":6}},{"start":{"line":795,"column":6},"end":{"line":795,"column":6}}]},"55":{"line":802,"type":"if","locations":[{"start":{"line":802,"column":8},"end":{"line":802,"column":8}},{"start":{"line":802,"column":8},"end":{"line":802,"column":8}}]},"56":{"line":959,"type":"if","locations":[{"start":{"line":959,"column":8},"end":{"line":959,"column":8}},{"start":{"line":959,"column":8},"end":{"line":959,"column":8}}]},"57":{"line":965,"type":"binary-expr","locations":[{"start":{"line":965,"column":8},"end":{"line":965,"column":16}},{"start":{"line":965,"column":21},"end":{"line":965,"column":36}}]},"58":{"line":980,"type":"if","locations":[{"start":{"line":980,"column":10},"end":{"line":980,"column":10}},{"start":{"line":980,"column":10},"end":{"line":980,"column":10}}]},"59":{"line":981,"type":"binary-expr","locations":[{"start":{"line":981,"column":10},"end":{"line":981,"column":22}},{"start":{"line":981,"column":27},"end":{"line":981,"column":59}}]},"60":{"line":986,"type":"if","locations":[{"start":{"line":986,"column":8},"end":{"line":986,"column":8}},{"start":{"line":986,"column":8},"end":{"line":986,"column":8}}]},"61":{"line":992,"type":"if","locations":[{"start":{"line":992,"column":8},"end":{"line":992,"column":8}},{"start":{"line":992,"column":8},"end":{"line":992,"column":8}}]},"62":{"line":996,"type":"if","locations":[{"start":{"line":996,"column":12},"end":{"line":996,"column":12}},{"start":{"line":996,"column":12},"end":{"line":996,"column":12}}]},"63":{"line":1005,"type":"if","locations":[{"start":{"line":1005,"column":12},"end":{"line":1005,"column":12}},{"start":{"line":1005,"column":12},"end":{"line":1005,"column":12}}]},"64":{"line":1005,"type":"binary-expr","locations":[{"start":{"line":1005,"column":16},"end":{"line":1005,"column":40}},{"start":{"line":1005,"column":44},"end":{"line":1005,"column":66}}]},"65":{"line":1013,"type":"if","locations":[{"start":{"line":1013,"column":12},"end":{"line":1013,"column":12}},{"start":{"line":1013,"column":12},"end":{"line":1013,"column":12}}]},"66":{"line":1013,"type":"binary-expr","locations":[{"start":{"line":1013,"column":16},"end":{"line":1013,"column":36}},{"start":{"line":1013,"column":40},"end":{"line":1013,"column":60}}]},"67":{"line":1014,"type":"binary-expr","locations":[{"start":{"line":1014,"column":32},"end":{"line":1014,"column":36}},{"start":{"line":1014,"column":40},"end":{"line":1014,"column":50}},{"start":{"line":1014,"column":55},"end":{"line":1014,"column":79}}]},"68":{"line":1015,"type":"binary-expr","locations":[{"start":{"line":1015,"column":20},"end":{"line":1015,"column":24}},{"start":{"line":1015,"column":28},"end":{"line":1015,"column":30}}]},"69":{"line":1019,"type":"binary-expr","locations":[{"start":{"line":1019,"column":27},"end":{"line":1019,"column":31}},{"start":{"line":1019,"column":35},"end":{"line":1019,"column":37}}]},"70":{"line":1039,"type":"binary-expr","locations":[{"start":{"line":1039,"column":31},"end":{"line":1039,"column":45}},{"start":{"line":1039,"column":49},"end":{"line":1039,"column":54}}]},"71":{"line":1043,"type":"if","locations":[{"start":{"line":1043,"column":4},"end":{"line":1043,"column":4}},{"start":{"line":1043,"column":4},"end":{"line":1043,"column":4}}]},"72":{"line":1045,"type":"if","locations":[{"start":{"line":1045,"column":11},"end":{"line":1045,"column":11}},{"start":{"line":1045,"column":11},"end":{"line":1045,"column":11}}]}},"code":["/**","ElasticSearch client implementation.","","@module elastical","@submodule client","**/","","var request = require('request').defaults({encoding: 'utf8'}),","    util    = require('./util'),","    Index = require('./index'),","    encode = encodeURIComponent;","","/**","Creates a new Elastical client associated with the specified _host_. The client","uses ElasticSearch's REST API to interact with the host, so connections are","established as needed and are not persistent.","","@example","","    // Create a client that connects to http://127.0.0.1:9200","    var elastical = require('elastical'),","        client    = new elastical.client();","","@
[...]
== false) {","                value = value ? '1' : '0';","            }","","            query.push(encode(name) + '=' + encode(value));","        });","","        url = '/' + encode(this.name) + '/' + encode(type) + '/' + encode(id);","","        if (query.length) {","            url += '?' + query.join('&');","        }","","        this.client._request(url, {method: 'GET'}, function (err, res) {","            if (err) {","                if (ignoreMissing && res && (res.exists === false","                        || res.error.indexOf('IndexMissing') !== -1)) {","                    return callback(null, null, res), undefined;","                } else {","                    return callback(err, null, res), undefined;","                }","            }","","            callback(null, res.fields || res._source, res);","        });","    },","","    /**","    Gets the mapping definition for this index.","","    [ElasticSearch docs](http://www.elasticsearch.org/guide/reference/api/admin-indices-get-mapping.html)","","    @method getMapping","    @param {String} [type] Document type. If omitted, mappings for all types are returned.","    @param {Function} callback Callback function.","      @param {Error|null} callback.err Error, or `null` on success.","      @param {Object} callback.res ElasticSearch response data.","    @see Client.getMapping","    **/","    getMapping: function (type, callback) {","        Index.getMapping.apply(null, [this.client, this.name].concat(","            Array.prototype.slice.call(arguments)));","    },","","    /**","    Adds a document to this index.","","    If a document already exists in this index with the specified _type_ and","    _id_, it will be updated. Otherwise, a new document will be created.","","    [ElasticSearch docs](http://www.elasticsearch.org/guide/reference/api/index_.html)","","    @example","","        var blog = client.getIndex('blog');","","        blog.index('post', {","            title  : \"Welcome to my stupid blog\",","            content: \"This is the first and last time I'll post anything.\",","            tags   : ['welcome', 'first post', 'last post'],","            created: Date.now()","        }, function (err, res) {","            if (err) { throw err; }","            console.log('Indexed a blog post');","        });","","    @method index","    @param {String} type Document type.","    @param {Object} doc Document data to index.","    @param {Object} [options] Options.","      @param {String} [options.consistency=\"quorum\"] Write consistency to use","          for this indexing operation. Permitted values are \"one\", \"quorum\" and","          \"all\". See the ElasticSearch docs for details.","      @param {Boolean} [options.create=false] Only create the document if it","          doesn't already exist.","      @param {String} [options.id] Document id. One will be automatically","          generated if not specified.","      @param {String} [options.parent] Parent document id.","      @param {String} [options.percolate] Percolation query to check against","          this document. See the ElasticSearch docs for details.","      @param {Boolean} [options.refresh=false] If `true`, the document will be","          made searchable immediately after it is indexed.","      @param {String} [options.replication=\"sync\"] Replication mode for this","          indexing operation. Maybe be set to \"sync\" or \"async\".","      @param {String} [options.routing] Value that determines what shard this","          document will be routed to. If not specified, a hash of the document's","          id will be used.","      @param {String} [options.timeout=\"1m\"] How long to wait for the primary","          shard to become available to index this document before aborting. See","          the ElasticSearch docs for details. This should be a value like \"5m\"","          (5 minutes) or \"15s\" (15 seconds).","      @param {Number} [options.version] Document version to create/update. If","          this is set and `options.version_type` is not set,","          `options.version_type` will automatically be set to \"external\".","      @param {String} [options.version_type=\"internal\"] Version type (either","          \"internal\" or \"external\"). See the ElasticSearch docs for details.","    @param {Function} [callback] Callback function.","      @param {Error|null} callback.err Error, or `null` on success.","      @param {Object} callback.res ElasticSearch response data.","    @see Client.index","    **/","    index: function (type, doc, options, callback) {","        var query = [],","            id, params, url;","","        if (typeof options === 'function') {","            callback = options;","            options  = {};","        }","","        params = util.merge(options || {});","","        if (params.create) {","            params.op_type = 'create';","            delete params.create;","        }","","        if (params.id) {","            id = params.id;","            delete params.id;","        }","","        if (params.version && !params.version_type) {","            params.version_type = 'external';","        }","","        util.each(params, function (value, name) {","            if (value === true || value === false) {","                value = value ? '1' : '0';","            }","","            query.push(encode(name) + '=' + encode(value));","        });","","        url = '/' + encode(this.name) + '/' + encode(type);","","        if (id) {","            url += '/' + encode(id);","        }","","        if (query.length) {","            url += '?' + query.join('&');","        }","","        this.client._request(url, {","            method: id ? 'PUT' : 'POST',","            json  : doc","        }, callback);","    },","","    // http://www.elasticsearch.org/guide/reference/api/admin-indices-optimize.html","    optimize: function (options) {","","    },","","    /**","    Registers a mapping definition for the specified type within this index.","","    [ElasticSearch docs](http://www.elasticsearch.org/guide/reference/api/admin-indices-put-mapping.html)","","    @method putMapping","    @param {String} type Document type.","    @param {Object} [mapping] Mapping definition. See the [ElasticSearch","        docs](http://www.elasticsearch.org/guide/reference/mapping/) for","        an overview.","    @param {Function} [callback] Callback function.","      @param {Error|null} callback.err Error, or `null` on success.","      @param {Object} callback.res ElasticSearch response data.","    @see Client.putMapping","    **/","    putMapping: function (type, mapping, callback) {","        Index.putMapping(this.client, this.name, type, mapping, callback);","    },","","    /**","    Analyze using analyzer from this index","","    [ElasticSearch docs](http://www.elasticsearch.org/guide/reference/api/admin-indices-analyze.html)","","    @method analyze","    @param {String} text Text to analyze","    @param {Object} [options] Options. See ElasticSearch docs for details.","      @param {String} [options.analyzer=\"standard\"] Analyzer to use for analysis","      @param {String} [options.tokenizer=\"keyword\"] Tokenizer to use for analysis when","        using a custom transient analyzer","      @param {String} [options.field=\"obj1.field1\"] Use the analyzer configured in","        the mapping for this field","    @param {Function} [callback] Callback function.","      @param {Error|null} callback.err Error, or `null` on success.","      @param {Object} callback.res ElasticSearch response data.","    @see Client.analyze","    **/","    analyze: function (text, options, callback) {","        if (typeof options === 'function') {","            callback = options;","            options  = {};","        }","        options.index = this.name;","        Index.analyze(this.client, options, callback);","    },","","    /**","    Registers a river with the cluster.","    [ElasticSearch docs](http://www.elasticsearch.org/guide/reference/river/)","","    @method putRiver","    @param {String} name A name for this river.","    @param {Object} config The river configuration.","    @param {Function} [callback] Callback function.","      @param {Error|null} callback.err Error, or `null` on success.","      @param {Object} callback.res ElasticSearch response data.","    @static","    **/","    putRiver: function( name, config, callback ){","        Index.putRiver( this.client, name, config, callback );","    },","","    /**","    Gets river config from the cluster.","    [ElasticSearch docs](http://www.elasticsearch.org/guide/reference/river/)","","    @method getRiver","    @param {Client} client Client instance.","    @param {String} name A name for this river.","    @param {Function} [callback] Callback function.","      @param {Error|null} callback.err Error, or `null` on success.","      @param {Object} callback.res ElasticSearch response data.","    @static","    **/","    getRiver: function( name, callback ){","        Index.getRiver( this.client, name, callback );","    },","","    /**","    Deletes a river config from the cluster.","","    [ElasticSearch docs](http://www.elasticsearch.org/guide/reference/river/)","","    @method deleteRiver","    @param {Client} client Client instance.","    @param {String} name A name for this river.","    @param {Function} [callback] Callback function.","      @param {Error|null} callback.err Error, or `null` on success.","      @param {Object} callback.res ElasticSearch response data.","    @static","    **/","    deleteRiver: function( name, callback ){","        Index.deleteRiver( this.client, name, callback );","    },","","    /**","    Refreshes this index.","","    [ElasticSearch docs](http://www.elasticsearch.org/guide/reference/api/admin-indices-refresh.html)","","    @method refresh","    @param {Function} [callback] Callback function.","      @param {Error|null} callback.err Error, or `null` on success.","      @param {Object} callback.res ElasticSearch response data.","    @see Client.refresh","    **/","    refresh: function (callback) {","        Index.refresh(this.client, this.name, callback);","    },","","    /**","    Searches for documents in this index matching the given query. See","    `Client.search()` for the complete list of supported options.","","    [ElasticSearch docs](http://www.elasticsearch.org/guide/reference/api/search/)","","    @method search","    @param {Object} [options] Search options. Technically this argument is","        optional, but you'll almost always want to provide at least a query.","    @param {Function} callback Callback function.","      @param {Error|null} callback.err Error, or `null` on success.","      @param {Object} callback.results Search results.","      @param {Object} callback.res Full ElasticSearch response data.","    @see Client.search","    **/","    search: function (options, callback) {","        if (typeof options === 'function') {","            callback = options;","            options  = {};","        }","","        this.client.search(util.merge(options, {index: this.name}), callback);","    },","","    /**","    Provide statistics on different operations happening on an index.","    See `Client.stats()` for the complete list of supported options.","","    [ElasticSearch docs](http://www.elasticsearch.org/guide/reference/api/admin-indices-stats.html)","","    @method stats","    @param {Object} [options] Stats options. This argument is optional.","    @param {Function} [callback] Callback function.","      @param {Error|null} callback.err Error, or `null` on success.","      @param {Object} callback.res ElasticSearch response data.","    @see Client.stats","    **/","    stats: function (options, callback) {","      if (typeof options === 'function') {","        callback = options;","        options = {};","      }","      this.client.stats(util.merge(options, {index: this.name}), callback);","    },","","    // TODO: close, open, get settings, get mapping, flush, snapshot,","    // update settings, templates, status, segments, clear cache","    /**","    Registers a percolator for the given index or modifies the existing percolator","    if one with the name already exists","","    [ElasticSearch docs](http://www.elasticsearch.org/guide/reference/api/pecolator/)","","    @example","        var put =   {","                        \"query\" : {","                            \"text\" : {","                                \"hashtags\" : {","                                    \"query\" : 'blah blah blah ',","                                    \"operator\" : \"or\"","                                }","                            }","                        }","                    };","        client.percolator('tweets', 'mypercolator', query, function (err, res) {","            if (err) { throw err; }","            console.log(results);","        });","    @method setPercolator","    @param {String} percolator The identifier string of the percolator.","            This identifier is returned when a document matches","            the query in the percolator, either through percolate operation or","            through index opertation.","    @param {Object|String} query Search query. Afull query object.","        See the [ElasticSearch Query DSL docs](http://www.elasticsearch.org/guide/reference/query-dsl/)","        for details.","    @param {Function} callback Callback function.","      @param {Error|null} callback.err Error, or `null` on success.","      @param {Object} callback.res Full ElasticSearch response data.","    */","    setPercolator: function(percolator, query, callback){","        var url = '/_percolator/';","        url += this.name;","        url += '/'+encode(percolator);","        this.client._request(url, {","            method: 'POST',","            json  : query","        }, callback);","    },","    /**","     * Retrieve the percolator doc","     *","     * @example","     *","     *  client.getPercolator('tweets', 'mypercolator', function (err, results) {","     *      if (err) { throw err; }","     *      console.log(results);","     *  });","     *","     *  @param {String} percolator The name of the percolator","     *  @param {Function} callback Callback function.","     *      @param {Error|null} callback.err Error, or `null` on success.","     *      @param {Object} callback.doc  Percolator document.","     *      @param {Object} callback.res Full ElasticSearch response data.","     */","    getPercolator: function(percolator, callback){","        var url = '/_percolator/'+this.name+'/'+encode(percolator);","        this.client._request(url, {","            method: 'GET'","        }, function (err, res) {","            if (err) { return callback(err, null, res), undefined; }","            return callback(null, res._source, res);","        });","    },","","    /**","     * Test if a given doc matches a percolator for","     * the given index and document type","     * @example","     *      client.perolate('tweets', 'tweet', {","     *          doc: {","     *","     *              title  : \"Welcome to my stupid blog\",","     *              content: \"This is the first and last time I'll post anything.\",","     *              tags   : ['welcome', 'first post', 'last post'],","     *              created: Date.now()","     *          }","     *      }, function(err, res){","     *          if(err){ throw err; }","     *          console.log(res);","     *      });","     *  _NOTE_: You must wrap your document in 'doc' param","     *  @param {String} type The type name of the document","     *  @param {Object} doc The document object which the registered percolators","     *      are matched against","     *  @param {Function} callback Callback function.","     *      @param {Error|null} callback.err Error, or `null` on success.","     *      @param {Object} callback.res Full ElasticSearch response data.","     */","    percolate: function(type, doc, callback){","        // this check is required because elasticsearch does not return an error","        // but times out if the'doc' element is not present in the body of the","        // request","        if(doc['doc'] === undefined){","            doc = {'doc': doc};","        }","        var url = '/'+ this.name+'/'+type+'/_percolate';","        this.client._request(url, {","            method: 'GET',","            json  : doc","        }, callback);","    },","","    /**","     * Delete a registered percolator for the given index or indicies","     * @example","     *      client.deletePercolator('tweets', 'mypercolator', function(err, res){","     *          if(err){ throw err;}","     *          console.log(res);","     *      });","     * @param {String|String[]} index Index name or array of index names","     * @param {String} percolator Name of the percolator to delete","     * @param {Function} callback Callback function.","     *      @param {Error|null} callback.err Error, or `null` on success.","     *      @param {Object} callback.res Full ElasticSearch response data.","     */","    deletePercolator: function(percolator, callback){","        var url = '/_percolator/'+ this.name +'/'+encode(percolator);","        this.client._request(url, {","            method: 'DELETE'","        }, callback);","    }","};","","/**","Alias for index().","","@method set","@see index","**/","Index.prototype.set = Index.prototype.index;","","module.exports = Index;","","// -- Private Functions --------------------------------------------------------","function noop() {}",""],"l":{"13":1,"16":1,"17":0,"18":0,"126":1,"127":0,"128":0,"129":0,"132":0,"133":0,"135":0,"139":0,"140":0,"141":0,"144":0,"145":0,"150":0,"152":0,"153":0,"156":0,"157":0,"161":0,"162":0,"164":0,"170":0,"172":0,"173":0,"177":0,"178":0,"179":0,"182":0,"185":0,"186":0,"189":0,"211":1,"212":0,"213":0,"214":0,"217":0,"221":0,"222":0,"243":1,"244":0,"245":0,"246":0,"249":0,"250":0,"253":0,"271":1,"272":0,"273":0,"276":0,"277":0,"297":1,"298":0,"299":0,"300":0,"301":0,"303":0,"304":0,"305":0,"306":0,"309":0,"310":0,"313":0,"314":0,"316":0,"317":0,"320":0,"321":0,"322":0,"327":0,"330":0,"348":1,"349":0,"351":0,"352":0,"353":0,"356":0,"357":0,"360":0,"361":0,"363":0,"364":0,"367":0,"369":0,"386":1,"387":0,"389":0,"390":0,"393":0,"394":0,"396":0,"398":0,"417":1,"418":0,"420":0,"421":0,"422":0,"423":0,"426":0,"428":0,"429":0,"430":0,"433":0,"434":0,"437":0,"439":0,"459":1,"460":0,"480":1,"481":0,"483":0,"484":0,"485":0,"488":0,"489":0,"492":0,"494":0,"517":1,"518":0,"519":0,"520":0,"521":0,"522":0,"525":0,"526":0,"529":0,"531":0,"552":1,"553":0,"554":0,"555":0,"558":0,"559":0,"562":0,"564":0,"590":1,"591":0,"592":0,"593":0,"594":0,"597":0,"598":0,"600":0,"601":0,"602":0,"605":0,"606":0,"607":0,"610":0,"611":0,"614":0,"631":1,"632":0,"651":1,"652":0,"668":1,"669":0,"689":1,"690":0,"691":0,"692":0,"693":0,"694":0,"695":0,"696":0,"702":1,"741":0,"744":0,"745":0,"746":0,"749":0,"750":0,"752":0,"753":0,"754":0,"757":0,"758":0,"759":0,"760":0,"762":0,"764":0,"765":0,"766":0,"767":0,"769":0,"772":0,"775":0,"776":0,"777":0,"780":0,"783":0,"785":0,"786":0,"789":0,"790":0,"791":0,"792":0,"794":0,"798":0,"814":0,"834":0,"874":0,"878":0,"879":0,"880":0,"883":0,"885":0,"886":0,"890":0,"891":0,"892":0,"895":0,"896":0,"897":0,"900":0,"901":0,"902":0,"905":0,"908":0,"910":0,"911":0,"914":0,"915":0,"916":0,"918":0,"920":0,"924":0,"941":0,"1003":0,"1006":0,"1007":0,"1008":0,"1011":0,"1013":0,"1014":0,"1015":0,"1018":0,"1019":0,"1020":0,"1023":0,"1024":0,"1027":0,"1028":0,"1029":0,"1032":0,"1035":0,"1037":0,"1038":0,"1041":0,"1042":0,"1045":0,"1072":0,"1094":0,"1095":0,"1096":0,"1098":0,"1099":0,"1115":0,"1131":0,"1148":0,"1163":0,"1182":0,"1183":0,"1184":0,"1187":0,"1204":0,"1205":0,"1206":0,"1208":0,"1247":0,"1248":0,"1249":0,"1250":0,"1272":0,"1273":0,"1276":0,"1277":0,"1309":0,"1310":0,"1312":0,"1313":0,"1333":0,"1334":0,"1346":1,"1348":1,"1351":1}}}